   1              		.cpu cortex-m0
   2              		.fpu softvfp
   3              		.eabi_attribute 20, 1
   4              		.eabi_attribute 21, 1
   5              		.eabi_attribute 23, 3
   6              		.eabi_attribute 24, 1
   7              		.eabi_attribute 25, 1
   8              		.eabi_attribute 26, 1
   9              		.eabi_attribute 30, 6
  10              		.eabi_attribute 34, 0
  11              		.eabi_attribute 18, 4
  12              		.code	16
  13              		.file	"TFC_Terminal.c"
  14              		.text
  15              	.Ltext0:
  16              		.cfi_sections	.debug_frame
  17              		.global	MyTerminalCallbackRecords
  18              		.section	.rodata
  19              		.align	2
  20              	.LC0:
  21 0000 68656C70 		.ascii	"help\000"
  21      00
  22 0005 000000   		.align	2
  23              	.LC1:
  24 0008 4C697374 		.ascii	"Lists available commands\000"
  24      73206176 
  24      61696C61 
  24      626C6520 
  24      636F6D6D 
  25 0021 000000   		.align	2
  26              	.LC2:
  27 0024 4C00     		.ascii	"L\000"
  28 0026 0000     		.align	2
  29              	.LC3:
  30 0028 44697370 		.ascii	"Displays linescan camera data\000"
  30      6C617973 
  30      206C696E 
  30      65736361 
  30      6E206361 
  31 0046 0000     		.align	2
  32              	.LC4:
  33 0048 5300     		.ascii	"S\000"
  34 004a 0000     		.align	2
  35              	.LC5:
  36 004c 436F6D6D 		.ascii	"Commands the servos to a position\000"
  36      616E6473 
  36      20746865 
  36      20736572 
  36      766F7320 
  37 006e 0000     		.align	2
  38              	.LC6:
  39 0070 4800     		.ascii	"H\000"
  40 0072 0000     		.align	2
  41              	.LC7:
  42 0074 436F6D6D 		.ascii	"Commands the H-Bridges\000"
  42      616E6473 
  42      20746865 
  42      20482D42 
  42      72696467 
  43 008b 00       		.align	2
  44              	.LC8:
  45 008c 4500     		.ascii	"E\000"
  46 008e 0000     		.align	2
  47              	.LC9:
  48 0090 456E6162 		.ascii	"Enables the H-Bridges\000"
  48      6C657320 
  48      74686520 
  48      482D4272 
  48      69646765 
  49 00a6 0000     		.align	2
  50              	.LC10:
  51 00a8 4400     		.ascii	"D\000"
  52 00aa 0000     		.align	2
  53              	.LC11:
  54 00ac 44697361 		.ascii	"Disables the H-Bridges\000"
  54      626C6573 
  54      20746865 
  54      20482D42 
  54      72696467 
  55              		.section	.data.MyTerminalCallbackRecords,"aw",%progbits
  56              		.align	2
  59              	MyTerminalCallbackRecords:
  60 0000 00000000 		.word	.LC0
  61 0004 00000000 		.word	TerminalCmd_Help
  62 0008 08000000 		.word	.LC1
  63 000c 24000000 		.word	.LC2
  64 0010 00000000 		.word	TerminalCmd_GetLineScan
  65 0014 28000000 		.word	.LC3
  66 0018 48000000 		.word	.LC4
  67 001c 00000000 		.word	TerminalCmd_S
  68 0020 4C000000 		.word	.LC5
  69 0024 70000000 		.word	.LC6
  70 0028 00000000 		.word	TerminalCmd_H
  71 002c 74000000 		.word	.LC7
  72 0030 8C000000 		.word	.LC8
  73 0034 00000000 		.word	TerminalCmd_E
  74 0038 90000000 		.word	.LC9
  75 003c A8000000 		.word	.LC10
  76 0040 00000000 		.word	TerminalCmd_D
  77 0044 AC000000 		.word	.LC11
  78              		.comm	TerminalLineBuf,64,4
  79              		.comm	TerminalPos,1,1
  80              		.comm	TerminalCmdBuf,33,4
  81              		.comm	TerminalArgs,32,4
  82              		.comm	NextCharIn,1,1
  83              		.comm	CmdFound,1,1
  84              		.section	.rodata
  85 00c3 00       		.align	2
  86              	.LC13:
  87 00c4 0D0A0D0A 		.ascii	"\015\012\015\012\000"
  87      00
  88 00c9 000000   		.align	2
  89              	.LC15:
  90 00cc 2A2A2A2A 		.ascii	"***********************************\015\012\000"
  90      2A2A2A2A 
  90      2A2A2A2A 
  90      2A2A2A2A 
  90      2A2A2A2A 
  91 00f2 0000     		.align	2
  92              	.LC17:
  93 00f4 4652444D 		.ascii	"FRDM-TFC\011\011           \015\012\000"
  93      2D544643 
  93      09092020 
  93      20202020 
  93      20202020 
  94              		.align	2
  95              	.LC19:
  96 010c 436F7079 		.ascii	"Copyright (C) <2013>  Eli Hughes\015\012\000"
  96      72696768 
  96      74202843 
  96      29203C32 
  96      3031333E 
  97 012f 00       		.align	2
  98              	.LC21:
  99 0130 57617665 		.ascii	"Wavenumber LLC\015\012\000"
  99      6E756D62 
  99      6572204C 
  99      4C430D0A 
  99      00
 100 0141 000000   		.align	2
 101              	.LC23:
 102 0144 2A2A2A2A 		.ascii	"***********************************\015\012\015\012"
 102      2A2A2A2A 
 102      2A2A2A2A 
 102      2A2A2A2A 
 102      2A2A2A2A 
 103 016b 3E00     		.ascii	">\000"
 104              		.section	.text.TerminalBootMsg,"ax",%progbits
 105              		.align	2
 106              		.global	TerminalBootMsg
 107              		.code	16
 108              		.thumb_func
 110              	TerminalBootMsg:
 111              	.LFB0:
 112              		.file 1 "../Sources/TFC/TFC_Terminal.c"
   1:../Sources/TFC/TFC_Terminal.c **** #include "TFC\TFC.h"
   2:../Sources/TFC/TFC_Terminal.c **** 
   3:../Sources/TFC/TFC_Terminal.c **** 
   4:../Sources/TFC/TFC_Terminal.c **** //*****************************************************************
   5:../Sources/TFC/TFC_Terminal.c **** //Terminal Configuration
   6:../Sources/TFC/TFC_Terminal.c **** //*****************************************************************
   7:../Sources/TFC/TFC_Terminal.c **** 
   8:../Sources/TFC/TFC_Terminal.c **** #define MAX_TERMINAL_LINE_CHARS 64
   9:../Sources/TFC/TFC_Terminal.c **** #define MAX_TERMINAL_CMD_CHARS  32
  10:../Sources/TFC/TFC_Terminal.c **** 
  11:../Sources/TFC/TFC_Terminal.c **** 
  12:../Sources/TFC/TFC_Terminal.c **** typedef void (*TerminalCallback)(char *);
  13:../Sources/TFC/TFC_Terminal.c **** 
  14:../Sources/TFC/TFC_Terminal.c **** 
  15:../Sources/TFC/TFC_Terminal.c **** typedef struct 
  16:../Sources/TFC/TFC_Terminal.c **** {
  17:../Sources/TFC/TFC_Terminal.c **** 	const char *CommandString;
  18:../Sources/TFC/TFC_Terminal.c **** 	TerminalCallback Callback;
  19:../Sources/TFC/TFC_Terminal.c **** 	const char *HelpString;
  20:../Sources/TFC/TFC_Terminal.c **** 		
  21:../Sources/TFC/TFC_Terminal.c **** } TerminalCallbackRecord;
  22:../Sources/TFC/TFC_Terminal.c **** 
  23:../Sources/TFC/TFC_Terminal.c **** //Callback function prototypes
  24:../Sources/TFC/TFC_Terminal.c **** void TerminalCmd_Help(char *arg);
  25:../Sources/TFC/TFC_Terminal.c **** void TerminalCmd_Reboot(char *arg);
  26:../Sources/TFC/TFC_Terminal.c **** void TerminalCmd_GetLineScan(char *arg);
  27:../Sources/TFC/TFC_Terminal.c **** void TerminalCmd_S(char *arg);
  28:../Sources/TFC/TFC_Terminal.c **** void TerminalCmd_H(char *arg);
  29:../Sources/TFC/TFC_Terminal.c **** void TerminalCmd_E(char *arg);
  30:../Sources/TFC/TFC_Terminal.c **** void TerminalCmd_D(char *arg);
  31:../Sources/TFC/TFC_Terminal.c **** //Populate this array with the callback functions and their terminal command string
  32:../Sources/TFC/TFC_Terminal.c **** TerminalCallbackRecord MyTerminalCallbackRecords[] ={	{"help",TerminalCmd_Help,"Lists available com
  33:../Sources/TFC/TFC_Terminal.c ****                                                         {"L",TerminalCmd_GetLineScan,"Displays line
  34:../Sources/TFC/TFC_Terminal.c ****                                                         {"S",TerminalCmd_S,"Commands the servos to 
  35:../Sources/TFC/TFC_Terminal.c ****                                                         {"H", TerminalCmd_H,"Commands the H-Bridges
  36:../Sources/TFC/TFC_Terminal.c **** 														{"E",TerminalCmd_E, "Enables the H-Bridges"},
  37:../Sources/TFC/TFC_Terminal.c **** 														{"D",TerminalCmd_D, "Disables the H-Bridges"},
  38:../Sources/TFC/TFC_Terminal.c ****                                                         };
  39:../Sources/TFC/TFC_Terminal.c **** 
  40:../Sources/TFC/TFC_Terminal.c **** //*****************************************************************
  41:../Sources/TFC/TFC_Terminal.c **** //Plumbing.....
  42:../Sources/TFC/TFC_Terminal.c **** //*****************************************************************
  43:../Sources/TFC/TFC_Terminal.c **** 
  44:../Sources/TFC/TFC_Terminal.c **** #define NUM_TERMINAL_COMMANDS  (sizeof(MyTerminalCallbackRecords)/sizeof(TerminalCallbackRecord))
  45:../Sources/TFC/TFC_Terminal.c **** 
  46:../Sources/TFC/TFC_Terminal.c **** char TerminalLineBuf[MAX_TERMINAL_LINE_CHARS];
  47:../Sources/TFC/TFC_Terminal.c **** uint8_t TerminalPos;
  48:../Sources/TFC/TFC_Terminal.c **** char TerminalCmdBuf[MAX_TERMINAL_CMD_CHARS+1];
  49:../Sources/TFC/TFC_Terminal.c **** char TerminalArgs[MAX_TERMINAL_LINE_CHARS-MAX_TERMINAL_CMD_CHARS];
  50:../Sources/TFC/TFC_Terminal.c **** uint8_t NextCharIn;
  51:../Sources/TFC/TFC_Terminal.c **** uint8_t CmdFound;
  52:../Sources/TFC/TFC_Terminal.c ****  
  53:../Sources/TFC/TFC_Terminal.c **** void TerminalBootMsg()
  54:../Sources/TFC/TFC_Terminal.c **** {
 113              		.loc 1 54 0
 114              		.cfi_startproc
 115 0000 80B5     		push	{r7, lr}
 116              	.LCFI0:
 117              		.cfi_def_cfa_offset 8
 118              		.cfi_offset 7, -8
 119              		.cfi_offset 14, -4
 120 0002 00AF     		add	r7, sp, #0
 121              	.LCFI1:
 122              		.cfi_def_cfa_register 7
  55:../Sources/TFC/TFC_Terminal.c **** 
  56:../Sources/TFC/TFC_Terminal.c **** TERMINAL_PRINTF("\r\n\r\n"); 
 123              		.loc 1 56 0
 124 0004 124A     		ldr	r2, .L2
 125 0006 134B     		ldr	r3, .L2+4
 126 0008 101C     		mov	r0, r2
 127 000a 191C     		mov	r1, r3
 128 000c FFF7FEFF 		bl	Qprintf
  57:../Sources/TFC/TFC_Terminal.c **** TERMINAL_PRINTF("***********************************\r\n"); 
 129              		.loc 1 57 0
 130 0010 0F4A     		ldr	r2, .L2
 131 0012 114B     		ldr	r3, .L2+8
 132 0014 101C     		mov	r0, r2
 133 0016 191C     		mov	r1, r3
 134 0018 FFF7FEFF 		bl	Qprintf
  58:../Sources/TFC/TFC_Terminal.c **** TERMINAL_PRINTF("FRDM-TFC		           \r\n");
 135              		.loc 1 58 0
 136 001c 0C4A     		ldr	r2, .L2
 137 001e 0F4B     		ldr	r3, .L2+12
 138 0020 101C     		mov	r0, r2
 139 0022 191C     		mov	r1, r3
 140 0024 FFF7FEFF 		bl	Qprintf
  59:../Sources/TFC/TFC_Terminal.c **** TERMINAL_PRINTF("Copyright (C) <2013>  Eli Hughes\r\n");
 141              		.loc 1 59 0
 142 0028 094A     		ldr	r2, .L2
 143 002a 0D4B     		ldr	r3, .L2+16
 144 002c 101C     		mov	r0, r2
 145 002e 191C     		mov	r1, r3
 146 0030 FFF7FEFF 		bl	Qprintf
  60:../Sources/TFC/TFC_Terminal.c **** TERMINAL_PRINTF("Wavenumber LLC\r\n"); 
 147              		.loc 1 60 0
 148 0034 064A     		ldr	r2, .L2
 149 0036 0B4B     		ldr	r3, .L2+20
 150 0038 101C     		mov	r0, r2
 151 003a 191C     		mov	r1, r3
 152 003c FFF7FEFF 		bl	Qprintf
  61:../Sources/TFC/TFC_Terminal.c **** TERMINAL_PRINTF("***********************************\r\n\r\n>"); 
 153              		.loc 1 61 0
 154 0040 034A     		ldr	r2, .L2
 155 0042 094B     		ldr	r3, .L2+24
 156 0044 101C     		mov	r0, r2
 157 0046 191C     		mov	r1, r3
 158 0048 FFF7FEFF 		bl	Qprintf
  62:../Sources/TFC/TFC_Terminal.c **** 
  63:../Sources/TFC/TFC_Terminal.c **** }
 159              		.loc 1 63 0
 160 004c BD46     		mov	sp, r7
 161              		@ sp needed for prologue
 162 004e 80BD     		pop	{r7, pc}
 163              	.L3:
 164              		.align	2
 165              	.L2:
 166 0050 00000000 		.word	SDA_SERIAL_OUTGOING_QUEUE
 167 0054 C4000000 		.word	.LC13
 168 0058 CC000000 		.word	.LC15
 169 005c F4000000 		.word	.LC17
 170 0060 0C010000 		.word	.LC19
 171 0064 30010000 		.word	.LC21
 172 0068 44010000 		.word	.LC23
 173              		.cfi_endproc
 174              	.LFE0:
 176              		.section	.text.TFC_InitTerminal,"ax",%progbits
 177              		.align	2
 178              		.global	TFC_InitTerminal
 179              		.code	16
 180              		.thumb_func
 182              	TFC_InitTerminal:
 183              	.LFB1:
  64:../Sources/TFC/TFC_Terminal.c **** 
  65:../Sources/TFC/TFC_Terminal.c **** void TFC_InitTerminal()
  66:../Sources/TFC/TFC_Terminal.c **** {
 184              		.loc 1 66 0
 185              		.cfi_startproc
 186 0000 80B5     		push	{r7, lr}
 187              	.LCFI2:
 188              		.cfi_def_cfa_offset 8
 189              		.cfi_offset 7, -8
 190              		.cfi_offset 14, -4
 191 0002 00AF     		add	r7, sp, #0
 192              	.LCFI3:
 193              		.cfi_def_cfa_register 7
  67:../Sources/TFC/TFC_Terminal.c **** 	TerminalPos = 0;
 194              		.loc 1 67 0
 195 0004 044B     		ldr	r3, .L5
 196 0006 0022     		mov	r2, #0
 197 0008 1A70     		strb	r2, [r3]
  68:../Sources/TFC/TFC_Terminal.c **** 	CmdFound = 0;
 198              		.loc 1 68 0
 199 000a 044B     		ldr	r3, .L5+4
 200 000c 0022     		mov	r2, #0
 201 000e 1A70     		strb	r2, [r3]
  69:../Sources/TFC/TFC_Terminal.c ****     TerminalBootMsg();
 202              		.loc 1 69 0
 203 0010 FFF7FEFF 		bl	TerminalBootMsg
  70:../Sources/TFC/TFC_Terminal.c **** }
 204              		.loc 1 70 0
 205 0014 BD46     		mov	sp, r7
 206              		@ sp needed for prologue
 207 0016 80BD     		pop	{r7, pc}
 208              	.L6:
 209              		.align	2
 210              	.L5:
 211 0018 00000000 		.word	TerminalPos
 212 001c 00000000 		.word	CmdFound
 213              		.cfi_endproc
 214              	.LFE1:
 216              		.section	.rodata
 217 016d 000000   		.align	2
 218              	.LC28:
 219 0170 0D0A0D0A 		.ascii	"\015\012\015\012Command List:\015\012\000"
 219      436F6D6D 
 219      616E6420 
 219      4C697374 
 219      3A0D0A00 
 220              		.align	2
 221              	.LC30:
 222 0184 2D2D2D2D 		.ascii	"----------------------\015\012\000"
 222      2D2D2D2D 
 222      2D2D2D2D 
 222      2D2D2D2D 
 222      2D2D2D2D 
 223 019d 000000   		.align	2
 224              	.LC33:
 225 01a0 25732020 		.ascii	"%s  ---->  %s\015\012\000"
 225      2D2D2D2D 
 225      3E202025 
 225      730D0A00 
 226              		.section	.text.TerminalCmd_Help,"ax",%progbits
 227              		.align	2
 228              		.global	TerminalCmd_Help
 229              		.code	16
 230              		.thumb_func
 232              	TerminalCmd_Help:
 233              	.LFB2:
  71:../Sources/TFC/TFC_Terminal.c **** 
  72:../Sources/TFC/TFC_Terminal.c **** void TerminalCmd_Help(char *arg)
  73:../Sources/TFC/TFC_Terminal.c **** {
 234              		.loc 1 73 0
 235              		.cfi_startproc
 236 0000 90B5     		push	{r4, r7, lr}
 237              	.LCFI4:
 238              		.cfi_def_cfa_offset 12
 239              		.cfi_offset 4, -12
 240              		.cfi_offset 7, -8
 241              		.cfi_offset 14, -4
 242 0002 85B0     		sub	sp, sp, #20
 243              	.LCFI5:
 244              		.cfi_def_cfa_offset 32
 245 0004 00AF     		add	r7, sp, #0
 246              	.LCFI6:
 247              		.cfi_def_cfa_register 7
 248 0006 7860     		str	r0, [r7, #4]
  74:../Sources/TFC/TFC_Terminal.c ****     uint8_t i;
  75:../Sources/TFC/TFC_Terminal.c **** 
  76:../Sources/TFC/TFC_Terminal.c ****     TERMINAL_PRINTF("\r\n\r\nCommand List:\r\n");
 249              		.loc 1 76 0
 250 0008 204A     		ldr	r2, .L10
 251 000a 214B     		ldr	r3, .L10+4
 252 000c 101C     		mov	r0, r2
 253 000e 191C     		mov	r1, r3
 254 0010 FFF7FEFF 		bl	Qprintf
  77:../Sources/TFC/TFC_Terminal.c ****     TERMINAL_PRINTF("----------------------\r\n");
 255              		.loc 1 77 0
 256 0014 1D4A     		ldr	r2, .L10
 257 0016 1F4B     		ldr	r3, .L10+8
 258 0018 101C     		mov	r0, r2
 259 001a 191C     		mov	r1, r3
 260 001c FFF7FEFF 		bl	Qprintf
  78:../Sources/TFC/TFC_Terminal.c **** 
  79:../Sources/TFC/TFC_Terminal.c ****     for(i=0;i<NUM_TERMINAL_COMMANDS;i++)
 261              		.loc 1 79 0
 262 0020 3B1C     		mov	r3, r7
 263 0022 0F33     		add	r3, r3, #15
 264 0024 0022     		mov	r2, #0
 265 0026 1A70     		strb	r2, [r3]
 266 0028 21E0     		b	.L8
 267              	.L9:
  80:../Sources/TFC/TFC_Terminal.c ****     {
  81:../Sources/TFC/TFC_Terminal.c ****          TERMINAL_PRINTF("%s  ---->  %s\r\n",MyTerminalCallbackRecords[i].CommandString,MyTerminalC
 268              		.loc 1 81 0 discriminator 2
 269 002a 3B1C     		mov	r3, r7
 270 002c 0F33     		add	r3, r3, #15
 271 002e 1A78     		ldrb	r2, [r3]
 272 0030 1949     		ldr	r1, .L10+12
 273 0032 131C     		mov	r3, r2
 274 0034 5B00     		lsl	r3, r3, #1
 275 0036 9B18     		add	r3, r3, r2
 276 0038 9B00     		lsl	r3, r3, #2
 277 003a 5C58     		ldr	r4, [r3, r1]
 278 003c 3B1C     		mov	r3, r7
 279 003e 0F33     		add	r3, r3, #15
 280 0040 1A78     		ldrb	r2, [r3]
 281 0042 1549     		ldr	r1, .L10+12
 282 0044 131C     		mov	r3, r2
 283 0046 5B00     		lsl	r3, r3, #1
 284 0048 9B18     		add	r3, r3, r2
 285 004a 9B00     		lsl	r3, r3, #2
 286 004c CB18     		add	r3, r1, r3
 287 004e 0833     		add	r3, r3, #8
 288 0050 1B68     		ldr	r3, [r3]
 289 0052 0E49     		ldr	r1, .L10
 290 0054 114A     		ldr	r2, .L10+16
 291 0056 081C     		mov	r0, r1
 292 0058 111C     		mov	r1, r2
 293 005a 221C     		mov	r2, r4
 294 005c FFF7FEFF 		bl	Qprintf
  79:../Sources/TFC/TFC_Terminal.c ****     for(i=0;i<NUM_TERMINAL_COMMANDS;i++)
 295              		.loc 1 79 0 discriminator 2
 296 0060 3B1C     		mov	r3, r7
 297 0062 0F33     		add	r3, r3, #15
 298 0064 3A1C     		mov	r2, r7
 299 0066 0F32     		add	r2, r2, #15
 300 0068 1278     		ldrb	r2, [r2]
 301 006a 0132     		add	r2, r2, #1
 302 006c 1A70     		strb	r2, [r3]
 303              	.L8:
  79:../Sources/TFC/TFC_Terminal.c ****     for(i=0;i<NUM_TERMINAL_COMMANDS;i++)
 304              		.loc 1 79 0 is_stmt 0 discriminator 1
 305 006e 3B1C     		mov	r3, r7
 306 0070 0F33     		add	r3, r3, #15
 307 0072 1B78     		ldrb	r3, [r3]
 308 0074 052B     		cmp	r3, #5
 309 0076 D8D9     		bls	.L9
  82:../Sources/TFC/TFC_Terminal.c ****     }
  83:../Sources/TFC/TFC_Terminal.c **** 
  84:../Sources/TFC/TFC_Terminal.c ****     TERMINAL_PRINTF("\r\n\r\n");
 310              		.loc 1 84 0 is_stmt 1
 311 0078 044A     		ldr	r2, .L10
 312 007a 094B     		ldr	r3, .L10+20
 313 007c 101C     		mov	r0, r2
 314 007e 191C     		mov	r1, r3
 315 0080 FFF7FEFF 		bl	Qprintf
  85:../Sources/TFC/TFC_Terminal.c **** }
 316              		.loc 1 85 0
 317 0084 BD46     		mov	sp, r7
 318 0086 05B0     		add	sp, sp, #20
 319              		@ sp needed for prologue
 320 0088 90BD     		pop	{r4, r7, pc}
 321              	.L11:
 322 008a C046     		.align	2
 323              	.L10:
 324 008c 00000000 		.word	SDA_SERIAL_OUTGOING_QUEUE
 325 0090 70010000 		.word	.LC28
 326 0094 84010000 		.word	.LC30
 327 0098 00000000 		.word	MyTerminalCallbackRecords
 328 009c A0010000 		.word	.LC33
 329 00a0 C4000000 		.word	.LC13
 330              		.cfi_endproc
 331              	.LFE2:
 333              		.section	.text.TerminalCmd_Reboot,"ax",%progbits
 334              		.align	2
 335              		.global	TerminalCmd_Reboot
 336              		.code	16
 337              		.thumb_func
 339              	TerminalCmd_Reboot:
 340              	.LFB3:
  86:../Sources/TFC/TFC_Terminal.c **** 
  87:../Sources/TFC/TFC_Terminal.c **** void TerminalCmd_Reboot(char *arg)
  88:../Sources/TFC/TFC_Terminal.c **** {
 341              		.loc 1 88 0
 342              		.cfi_startproc
 343 0000 80B5     		push	{r7, lr}
 344              	.LCFI7:
 345              		.cfi_def_cfa_offset 8
 346              		.cfi_offset 7, -8
 347              		.cfi_offset 14, -4
 348 0002 82B0     		sub	sp, sp, #8
 349              	.LCFI8:
 350              		.cfi_def_cfa_offset 16
 351 0004 00AF     		add	r7, sp, #0
 352              	.LCFI9:
 353              		.cfi_def_cfa_register 7
 354 0006 7860     		str	r0, [r7, #4]
  89:../Sources/TFC/TFC_Terminal.c ****       TerminalBootMsg();
 355              		.loc 1 89 0
 356 0008 FFF7FEFF 		bl	TerminalBootMsg
  90:../Sources/TFC/TFC_Terminal.c **** }
 357              		.loc 1 90 0
 358 000c BD46     		mov	sp, r7
 359 000e 02B0     		add	sp, sp, #8
 360              		@ sp needed for prologue
 361 0010 80BD     		pop	{r7, pc}
 362              		.cfi_endproc
 363              	.LFE3:
 365 0012 C046     		.section	.rodata
 366              		.align	2
 367              	.LC37:
 368 01b0 090D0A45 		.ascii	"\011\015\012Enabling H-Bridges\015\012\000"
 368      6E61626C 
 368      696E6720 
 368      482D4272 
 368      69646765 
 369              		.section	.text.TerminalCmd_E,"ax",%progbits
 370              		.align	2
 371              		.global	TerminalCmd_E
 372              		.code	16
 373              		.thumb_func
 375              	TerminalCmd_E:
 376              	.LFB4:
  91:../Sources/TFC/TFC_Terminal.c **** 
  92:../Sources/TFC/TFC_Terminal.c **** 
  93:../Sources/TFC/TFC_Terminal.c **** 
  94:../Sources/TFC/TFC_Terminal.c **** void TerminalCmd_E(char *arg)
  95:../Sources/TFC/TFC_Terminal.c **** {
 377              		.loc 1 95 0
 378              		.cfi_startproc
 379 0000 80B5     		push	{r7, lr}
 380              	.LCFI10:
 381              		.cfi_def_cfa_offset 8
 382              		.cfi_offset 7, -8
 383              		.cfi_offset 14, -4
 384 0002 82B0     		sub	sp, sp, #8
 385              	.LCFI11:
 386              		.cfi_def_cfa_offset 16
 387 0004 00AF     		add	r7, sp, #0
 388              	.LCFI12:
 389              		.cfi_def_cfa_register 7
 390 0006 7860     		str	r0, [r7, #4]
  96:../Sources/TFC/TFC_Terminal.c **** 	 TERMINAL_PRINTF("\t\r\nEnabling H-Bridges\r\n");
 391              		.loc 1 96 0
 392 0008 064A     		ldr	r2, .L14
 393 000a 074B     		ldr	r3, .L14+4
 394 000c 101C     		mov	r0, r2
 395 000e 191C     		mov	r1, r3
 396 0010 FFF7FEFF 		bl	Qprintf
  97:../Sources/TFC/TFC_Terminal.c **** 	 TFC_HBRIDGE_ENABLE;
 397              		.loc 1 97 0
 398 0014 054B     		ldr	r3, .L14+8
 399 0016 8022     		mov	r2, #128
 400 0018 9203     		lsl	r2, r2, #14
 401 001a 5A60     		str	r2, [r3, #4]
  98:../Sources/TFC/TFC_Terminal.c **** }
 402              		.loc 1 98 0
 403 001c BD46     		mov	sp, r7
 404 001e 02B0     		add	sp, sp, #8
 405              		@ sp needed for prologue
 406 0020 80BD     		pop	{r7, pc}
 407              	.L15:
 408 0022 C046     		.align	2
 409              	.L14:
 410 0024 00000000 		.word	SDA_SERIAL_OUTGOING_QUEUE
 411 0028 B0010000 		.word	.LC37
 412 002c 00F10F40 		.word	1074786560
 413              		.cfi_endproc
 414              	.LFE4:
 416              		.section	.rodata
 417              		.align	2
 418              	.LC40:
 419 01c8 090D0A44 		.ascii	"\011\015\012Disabling H-Bridges\015\012\000"
 419      69736162 
 419      6C696E67 
 419      20482D42 
 419      72696467 
 420              		.section	.text.TerminalCmd_D,"ax",%progbits
 421              		.align	2
 422              		.global	TerminalCmd_D
 423              		.code	16
 424              		.thumb_func
 426              	TerminalCmd_D:
 427              	.LFB5:
  99:../Sources/TFC/TFC_Terminal.c **** 
 100:../Sources/TFC/TFC_Terminal.c **** void TerminalCmd_D(char *arg)
 101:../Sources/TFC/TFC_Terminal.c **** {
 428              		.loc 1 101 0
 429              		.cfi_startproc
 430 0000 80B5     		push	{r7, lr}
 431              	.LCFI13:
 432              		.cfi_def_cfa_offset 8
 433              		.cfi_offset 7, -8
 434              		.cfi_offset 14, -4
 435 0002 82B0     		sub	sp, sp, #8
 436              	.LCFI14:
 437              		.cfi_def_cfa_offset 16
 438 0004 00AF     		add	r7, sp, #0
 439              	.LCFI15:
 440              		.cfi_def_cfa_register 7
 441 0006 7860     		str	r0, [r7, #4]
 102:../Sources/TFC/TFC_Terminal.c **** 	 TERMINAL_PRINTF("\t\r\nDisabling H-Bridges\r\n");
 442              		.loc 1 102 0
 443 0008 094A     		ldr	r2, .L17
 444 000a 0A4B     		ldr	r3, .L17+4
 445 000c 101C     		mov	r0, r2
 446 000e 191C     		mov	r1, r3
 447 0010 FFF7FEFF 		bl	Qprintf
 103:../Sources/TFC/TFC_Terminal.c **** 	 TFC_HBRIDGE_DISABLE;
 448              		.loc 1 103 0
 449 0014 084B     		ldr	r3, .L17+8
 450 0016 8022     		mov	r2, #128
 451 0018 9203     		lsl	r2, r2, #14
 452 001a 9A60     		str	r2, [r3, #8]
 104:../Sources/TFC/TFC_Terminal.c **** 	 TFC_SetMotorPWM(0,0);
 453              		.loc 1 104 0
 454 001c 074A     		ldr	r2, .L17+12
 455 001e 074B     		ldr	r3, .L17+12
 456 0020 101C     		add	r0, r2, #0
 457 0022 191C     		add	r1, r3, #0
 458 0024 FFF7FEFF 		bl	TFC_SetMotorPWM
 105:../Sources/TFC/TFC_Terminal.c **** }
 459              		.loc 1 105 0
 460 0028 BD46     		mov	sp, r7
 461 002a 02B0     		add	sp, sp, #8
 462              		@ sp needed for prologue
 463 002c 80BD     		pop	{r7, pc}
 464              	.L18:
 465 002e C046     		.align	2
 466              	.L17:
 467 0030 00000000 		.word	SDA_SERIAL_OUTGOING_QUEUE
 468 0034 C8010000 		.word	.LC40
 469 0038 00F10F40 		.word	1074786560
 470 003c 00000000 		.word	0
 471              		.cfi_endproc
 472              	.LFE5:
 474              		.section	.rodata
 475 01e1 000000   		.align	2
 476              	.LC43:
 477 01e4 0D0A4C49 		.ascii	"\015\012LINE 0:\000"
 477      4E452030 
 477      3A00
 478 01ee 0000     		.align	2
 479              	.LC46:
 480 01f0 25325800 		.ascii	"%2X\000"
 481              		.align	2
 482              	.LC48:
 483 01f4 2C00     		.ascii	",\000"
 484 01f6 0000     		.align	2
 485              	.LC51:
 486 01f8 0D0A4C49 		.ascii	"\015\012LINE 1:\000"
 486      4E452031 
 486      3A00
 487              		.section	.text.TerminalCmd_GetLineScan,"ax",%progbits
 488              		.align	2
 489              		.global	TerminalCmd_GetLineScan
 490              		.code	16
 491              		.thumb_func
 493              	TerminalCmd_GetLineScan:
 494              	.LFB6:
 106:../Sources/TFC/TFC_Terminal.c **** 
 107:../Sources/TFC/TFC_Terminal.c **** void TerminalCmd_GetLineScan(char *arg)
 108:../Sources/TFC/TFC_Terminal.c **** {
 495              		.loc 1 108 0
 496              		.cfi_startproc
 497 0000 80B5     		push	{r7, lr}
 498              	.LCFI16:
 499              		.cfi_def_cfa_offset 8
 500              		.cfi_offset 7, -8
 501              		.cfi_offset 14, -4
 502 0002 84B0     		sub	sp, sp, #16
 503              	.LCFI17:
 504              		.cfi_def_cfa_offset 24
 505 0004 00AF     		add	r7, sp, #0
 506              	.LCFI18:
 507              		.cfi_def_cfa_register 7
 508 0006 7860     		str	r0, [r7, #4]
 109:../Sources/TFC/TFC_Terminal.c **** 	uint8_t i;
 110:../Sources/TFC/TFC_Terminal.c **** 	
 111:../Sources/TFC/TFC_Terminal.c **** 	TERMINAL_PRINTF("\r\nLINE 0:");
 509              		.loc 1 111 0
 510 0008 3A4A     		ldr	r2, .L28
 511 000a 3B4B     		ldr	r3, .L28+4
 512 000c 101C     		mov	r0, r2
 513 000e 191C     		mov	r1, r3
 514 0010 FFF7FEFF 		bl	Qprintf
 112:../Sources/TFC/TFC_Terminal.c **** 	
 113:../Sources/TFC/TFC_Terminal.c **** 	for(i=0;i<128;i++)
 515              		.loc 1 113 0
 516 0014 3B1C     		mov	r3, r7
 517 0016 0F33     		add	r3, r3, #15
 518 0018 0022     		mov	r2, #0
 519 001a 1A70     		strb	r2, [r3]
 520 001c 27E0     		b	.L20
 521              	.L23:
 114:../Sources/TFC/TFC_Terminal.c **** 	{
 115:../Sources/TFC/TFC_Terminal.c **** 		
 116:../Sources/TFC/TFC_Terminal.c **** 		TERMINAL_PRINTF("%2X",LineScanImage0[i]);
 522              		.loc 1 116 0
 523 001e 374B     		ldr	r3, .L28+8
 524 0020 1A68     		ldr	r2, [r3]
 525 0022 3B1C     		mov	r3, r7
 526 0024 0F33     		add	r3, r3, #15
 527 0026 1B78     		ldrb	r3, [r3]
 528 0028 D318     		add	r3, r2, r3
 529 002a 1B78     		ldrb	r3, [r3]
 530 002c DBB2     		uxtb	r3, r3
 531 002e 3149     		ldr	r1, .L28
 532 0030 334A     		ldr	r2, .L28+12
 533 0032 081C     		mov	r0, r1
 534 0034 111C     		mov	r1, r2
 535 0036 1A1C     		mov	r2, r3
 536 0038 FFF7FEFF 		bl	Qprintf
 117:../Sources/TFC/TFC_Terminal.c **** 		
 118:../Sources/TFC/TFC_Terminal.c **** 		if(i<127)
 537              		.loc 1 118 0
 538 003c 3B1C     		mov	r3, r7
 539 003e 0F33     		add	r3, r3, #15
 540 0040 1B78     		ldrb	r3, [r3]
 541 0042 7E2B     		cmp	r3, #126
 542 0044 06D8     		bhi	.L21
 119:../Sources/TFC/TFC_Terminal.c **** 			TERMINAL_PRINTF(",");
 543              		.loc 1 119 0
 544 0046 2B4A     		ldr	r2, .L28
 545 0048 2E4B     		ldr	r3, .L28+16
 546 004a 101C     		mov	r0, r2
 547 004c 191C     		mov	r1, r3
 548 004e FFF7FEFF 		bl	Qprintf
 549 0052 05E0     		b	.L22
 550              	.L21:
 120:../Sources/TFC/TFC_Terminal.c **** 		else
 121:../Sources/TFC/TFC_Terminal.c **** 			TERMINAL_PRINTF("\r\n\r\n");
 551              		.loc 1 121 0
 552 0054 274A     		ldr	r2, .L28
 553 0056 2C4B     		ldr	r3, .L28+20
 554 0058 101C     		mov	r0, r2
 555 005a 191C     		mov	r1, r3
 556 005c FFF7FEFF 		bl	Qprintf
 557              	.L22:
 113:../Sources/TFC/TFC_Terminal.c **** 	for(i=0;i<128;i++)
 558              		.loc 1 113 0
 559 0060 3B1C     		mov	r3, r7
 560 0062 0F33     		add	r3, r3, #15
 561 0064 3A1C     		mov	r2, r7
 562 0066 0F32     		add	r2, r2, #15
 563 0068 1278     		ldrb	r2, [r2]
 564 006a 0132     		add	r2, r2, #1
 565 006c 1A70     		strb	r2, [r3]
 566              	.L20:
 113:../Sources/TFC/TFC_Terminal.c **** 	for(i=0;i<128;i++)
 567              		.loc 1 113 0 is_stmt 0 discriminator 1
 568 006e 3B1C     		mov	r3, r7
 569 0070 0F33     		add	r3, r3, #15
 570 0072 1B78     		ldrb	r3, [r3]
 571 0074 5BB2     		sxtb	r3, r3
 572 0076 002B     		cmp	r3, #0
 573 0078 D1DA     		bge	.L23
 122:../Sources/TFC/TFC_Terminal.c **** 	}
 123:../Sources/TFC/TFC_Terminal.c **** 	TERMINAL_PRINTF("\r\nLINE 1:");
 574              		.loc 1 123 0 is_stmt 1
 575 007a 1E4A     		ldr	r2, .L28
 576 007c 234B     		ldr	r3, .L28+24
 577 007e 101C     		mov	r0, r2
 578 0080 191C     		mov	r1, r3
 579 0082 FFF7FEFF 		bl	Qprintf
 124:../Sources/TFC/TFC_Terminal.c **** 	for(i=0;i<128;i++)
 580              		.loc 1 124 0
 581 0086 3B1C     		mov	r3, r7
 582 0088 0F33     		add	r3, r3, #15
 583 008a 0022     		mov	r2, #0
 584 008c 1A70     		strb	r2, [r3]
 585 008e 27E0     		b	.L24
 586              	.L27:
 125:../Sources/TFC/TFC_Terminal.c **** 	{
 126:../Sources/TFC/TFC_Terminal.c **** 		TERMINAL_PRINTF("%2X",LineScanImage1[i]);
 587              		.loc 1 126 0
 588 0090 1F4B     		ldr	r3, .L28+28
 589 0092 1A68     		ldr	r2, [r3]
 590 0094 3B1C     		mov	r3, r7
 591 0096 0F33     		add	r3, r3, #15
 592 0098 1B78     		ldrb	r3, [r3]
 593 009a D318     		add	r3, r2, r3
 594 009c 1B78     		ldrb	r3, [r3]
 595 009e DBB2     		uxtb	r3, r3
 596 00a0 1449     		ldr	r1, .L28
 597 00a2 174A     		ldr	r2, .L28+12
 598 00a4 081C     		mov	r0, r1
 599 00a6 111C     		mov	r1, r2
 600 00a8 1A1C     		mov	r2, r3
 601 00aa FFF7FEFF 		bl	Qprintf
 127:../Sources/TFC/TFC_Terminal.c **** 		if(i<127)
 602              		.loc 1 127 0
 603 00ae 3B1C     		mov	r3, r7
 604 00b0 0F33     		add	r3, r3, #15
 605 00b2 1B78     		ldrb	r3, [r3]
 606 00b4 7E2B     		cmp	r3, #126
 607 00b6 06D8     		bhi	.L25
 128:../Sources/TFC/TFC_Terminal.c **** 					TERMINAL_PRINTF(",");
 608              		.loc 1 128 0
 609 00b8 0E4A     		ldr	r2, .L28
 610 00ba 124B     		ldr	r3, .L28+16
 611 00bc 101C     		mov	r0, r2
 612 00be 191C     		mov	r1, r3
 613 00c0 FFF7FEFF 		bl	Qprintf
 614 00c4 05E0     		b	.L26
 615              	.L25:
 129:../Sources/TFC/TFC_Terminal.c **** 				else
 130:../Sources/TFC/TFC_Terminal.c **** 					TERMINAL_PRINTF("\r\n\r\n");
 616              		.loc 1 130 0
 617 00c6 0B4A     		ldr	r2, .L28
 618 00c8 0F4B     		ldr	r3, .L28+20
 619 00ca 101C     		mov	r0, r2
 620 00cc 191C     		mov	r1, r3
 621 00ce FFF7FEFF 		bl	Qprintf
 622              	.L26:
 124:../Sources/TFC/TFC_Terminal.c **** 	for(i=0;i<128;i++)
 623              		.loc 1 124 0
 624 00d2 3B1C     		mov	r3, r7
 625 00d4 0F33     		add	r3, r3, #15
 626 00d6 3A1C     		mov	r2, r7
 627 00d8 0F32     		add	r2, r2, #15
 628 00da 1278     		ldrb	r2, [r2]
 629 00dc 0132     		add	r2, r2, #1
 630 00de 1A70     		strb	r2, [r3]
 631              	.L24:
 124:../Sources/TFC/TFC_Terminal.c **** 	for(i=0;i<128;i++)
 632              		.loc 1 124 0 is_stmt 0 discriminator 1
 633 00e0 3B1C     		mov	r3, r7
 634 00e2 0F33     		add	r3, r3, #15
 635 00e4 1B78     		ldrb	r3, [r3]
 636 00e6 5BB2     		sxtb	r3, r3
 637 00e8 002B     		cmp	r3, #0
 638 00ea D1DA     		bge	.L27
 131:../Sources/TFC/TFC_Terminal.c **** 	}
 132:../Sources/TFC/TFC_Terminal.c **** 
 133:../Sources/TFC/TFC_Terminal.c **** }
 639              		.loc 1 133 0 is_stmt 1
 640 00ec BD46     		mov	sp, r7
 641 00ee 04B0     		add	sp, sp, #16
 642              		@ sp needed for prologue
 643 00f0 80BD     		pop	{r7, pc}
 644              	.L29:
 645 00f2 C046     		.align	2
 646              	.L28:
 647 00f4 00000000 		.word	SDA_SERIAL_OUTGOING_QUEUE
 648 00f8 E4010000 		.word	.LC43
 649 00fc 00000000 		.word	LineScanImage0
 650 0100 F0010000 		.word	.LC46
 651 0104 F4010000 		.word	.LC48
 652 0108 C4000000 		.word	.LC13
 653 010c F8010000 		.word	.LC51
 654 0110 00000000 		.word	LineScanImage1
 655              		.cfi_endproc
 656              	.LFE6:
 658              		.section	.rodata
 659 0202 0000     		.align	2
 660              	.LC54:
 661 0204 25642C25 		.ascii	"%d,%d\000"
 661      6400
 662 020a 0000     		.align	2
 663              	.LC57:
 664 020c 53657474 		.ascii	"Setting Servos to %d , %d\015\012\000"
 664      696E6720 
 664      53657276 
 664      6F732074 
 664      6F202564 
 665              		.global	__aeabi_i2f
 666              		.global	__aeabi_fdiv
 667              		.align	2
 668              	.LC59:
 669 0228 496E7661 		.ascii	"Invalid servo control string. There must be 2 comma"
 669      6C696420 
 669      73657276 
 669      6F20636F 
 669      6E74726F 
 670 025b 6E642073 		.ascii	"nd separated arguments between -100 and 100. Ex: S "
 670      65706172 
 670      61746564 
 670      20617267 
 670      756D656E 
 671 028e 34332C2D 		.ascii	"43,-43\000"
 671      343300
 672              		.section	.text.TerminalCmd_S,"ax",%progbits
 673              		.align	2
 674              		.global	TerminalCmd_S
 675              		.code	16
 676              		.thumb_func
 678              	TerminalCmd_S:
 679              	.LFB7:
 134:../Sources/TFC/TFC_Terminal.c **** 
 135:../Sources/TFC/TFC_Terminal.c **** 
 136:../Sources/TFC/TFC_Terminal.c **** void TerminalCmd_S(char *arg)
 137:../Sources/TFC/TFC_Terminal.c **** {
 680              		.loc 1 137 0
 681              		.cfi_startproc
 682 0000 80B5     		push	{r7, lr}
 683              	.LCFI19:
 684              		.cfi_def_cfa_offset 8
 685              		.cfi_offset 7, -8
 686              		.cfi_offset 14, -4
 687 0002 84B0     		sub	sp, sp, #16
 688              	.LCFI20:
 689              		.cfi_def_cfa_offset 24
 690 0004 00AF     		add	r7, sp, #0
 691              	.LCFI21:
 692              		.cfi_def_cfa_register 7
 693 0006 7860     		str	r0, [r7, #4]
 138:../Sources/TFC/TFC_Terminal.c **** 	int ServoSetting[2] = {0,0};
 694              		.loc 1 138 0
 695 0008 3B1C     		mov	r3, r7
 696 000a 0833     		add	r3, r3, #8
 697 000c 0022     		mov	r2, #0
 698 000e 1A60     		str	r2, [r3]
 699 0010 3B1C     		mov	r3, r7
 700 0012 0833     		add	r3, r3, #8
 701 0014 0022     		mov	r2, #0
 702 0016 5A60     		str	r2, [r3, #4]
 139:../Sources/TFC/TFC_Terminal.c **** 
 140:../Sources/TFC/TFC_Terminal.c **** 	if(sscanf(arg,"%d,%d",&ServoSetting[0],&ServoSetting[1]) == 2)
 703              		.loc 1 140 0
 704 0018 7868     		ldr	r0, [r7, #4]
 705 001a 1F49     		ldr	r1, .L33
 706 001c 3A1C     		mov	r2, r7
 707 001e 0832     		add	r2, r2, #8
 708 0020 3B1C     		mov	r3, r7
 709 0022 0833     		add	r3, r3, #8
 710 0024 0433     		add	r3, r3, #4
 711 0026 FFF7FEFF 		bl	sscanf
 712 002a 031C     		mov	r3, r0
 713 002c 022B     		cmp	r3, #2
 714 002e 2AD1     		bne	.L31
 141:../Sources/TFC/TFC_Terminal.c **** 	{
 142:../Sources/TFC/TFC_Terminal.c **** 	
 143:../Sources/TFC/TFC_Terminal.c **** 	TERMINAL_PRINTF("Setting Servos to %d , %d\r\n",ServoSetting[0],ServoSetting[1]);
 715              		.loc 1 143 0
 716 0030 3B1C     		mov	r3, r7
 717 0032 0833     		add	r3, r3, #8
 718 0034 1A68     		ldr	r2, [r3]
 719 0036 3B1C     		mov	r3, r7
 720 0038 0833     		add	r3, r3, #8
 721 003a 5B68     		ldr	r3, [r3, #4]
 722 003c 1748     		ldr	r0, .L33+4
 723 003e 1849     		ldr	r1, .L33+8
 724 0040 FFF7FEFF 		bl	Qprintf
 144:../Sources/TFC/TFC_Terminal.c **** 	
 145:../Sources/TFC/TFC_Terminal.c **** 	TFC_SetServo(0,(float)ServoSetting[0]/100.0f); //Rescale to -1.0 to 1.0
 725              		.loc 1 145 0
 726 0044 3B1C     		mov	r3, r7
 727 0046 0833     		add	r3, r3, #8
 728 0048 1B68     		ldr	r3, [r3]
 729 004a 181C     		mov	r0, r3
 730 004c FFF7FEFF 		bl	__aeabi_i2f
 731 0050 031C     		add	r3, r0, #0
 732 0052 181C     		add	r0, r3, #0
 733 0054 1349     		ldr	r1, .L33+12
 734 0056 FFF7FEFF 		bl	__aeabi_fdiv
 735 005a 031C     		add	r3, r0, #0
 736 005c 0020     		mov	r0, #0
 737 005e 191C     		add	r1, r3, #0
 738 0060 FFF7FEFF 		bl	TFC_SetServo
 146:../Sources/TFC/TFC_Terminal.c **** 	TFC_SetServo(1,(float)ServoSetting[1]/100.0f);
 739              		.loc 1 146 0
 740 0064 3B1C     		mov	r3, r7
 741 0066 0833     		add	r3, r3, #8
 742 0068 5B68     		ldr	r3, [r3, #4]
 743 006a 181C     		mov	r0, r3
 744 006c FFF7FEFF 		bl	__aeabi_i2f
 745 0070 031C     		add	r3, r0, #0
 746 0072 181C     		add	r0, r3, #0
 747 0074 0B49     		ldr	r1, .L33+12
 748 0076 FFF7FEFF 		bl	__aeabi_fdiv
 749 007a 031C     		add	r3, r0, #0
 750 007c 0120     		mov	r0, #1
 751 007e 191C     		add	r1, r3, #0
 752 0080 FFF7FEFF 		bl	TFC_SetServo
 753 0084 05E0     		b	.L30
 754              	.L31:
 147:../Sources/TFC/TFC_Terminal.c **** 	}
 148:../Sources/TFC/TFC_Terminal.c **** 	else
 149:../Sources/TFC/TFC_Terminal.c **** 	{
 150:../Sources/TFC/TFC_Terminal.c **** 		TERMINAL_PRINTF("Invalid servo control string. There must be 2 command separated arguments betwee
 755              		.loc 1 150 0
 756 0086 054A     		ldr	r2, .L33+4
 757 0088 074B     		ldr	r3, .L33+16
 758 008a 101C     		mov	r0, r2
 759 008c 191C     		mov	r1, r3
 760 008e FFF7FEFF 		bl	Qprintf
 761              	.L30:
 151:../Sources/TFC/TFC_Terminal.c **** 	}
 152:../Sources/TFC/TFC_Terminal.c **** 	
 153:../Sources/TFC/TFC_Terminal.c **** }
 762              		.loc 1 153 0
 763 0092 BD46     		mov	sp, r7
 764 0094 04B0     		add	sp, sp, #16
 765              		@ sp needed for prologue
 766 0096 80BD     		pop	{r7, pc}
 767              	.L34:
 768              		.align	2
 769              	.L33:
 770 0098 04020000 		.word	.LC54
 771 009c 00000000 		.word	SDA_SERIAL_OUTGOING_QUEUE
 772 00a0 0C020000 		.word	.LC57
 773 00a4 0000C842 		.word	1120403456
 774 00a8 28020000 		.word	.LC59
 775              		.cfi_endproc
 776              	.LFE7:
 778              		.section	.rodata
 779 0295 000000   		.align	2
 780              	.LC63:
 781 0298 53657474 		.ascii	"Setting motor effort to to %d , %d\015\012\000"
 781      696E6720 
 781      6D6F746F 
 781      72206566 
 781      666F7274 
 782 02bd 000000   		.align	2
 783              	.LC65:
 784 02c0 496E7661 		.ascii	"Invalid motor control string. There must be 2 comma"
 784      6C696420 
 784      6D6F746F 
 784      7220636F 
 784      6E74726F 
 785 02f3 6E642073 		.ascii	"nd separated arguments between -100 and 100. Ex: H "
 785      65706172 
 785      61746564 
 785      20617267 
 785      756D656E 
 786 0326 34332C2D 		.ascii	"43,-43\015\012\000"
 786      34330D0A 
 786      00
 787              		.section	.text.TerminalCmd_H,"ax",%progbits
 788              		.align	2
 789              		.global	TerminalCmd_H
 790              		.code	16
 791              		.thumb_func
 793              	TerminalCmd_H:
 794              	.LFB8:
 154:../Sources/TFC/TFC_Terminal.c **** 
 155:../Sources/TFC/TFC_Terminal.c **** void TerminalCmd_H(char *arg)
 156:../Sources/TFC/TFC_Terminal.c **** {
 795              		.loc 1 156 0
 796              		.cfi_startproc
 797 0000 90B5     		push	{r4, r7, lr}
 798              	.LCFI22:
 799              		.cfi_def_cfa_offset 12
 800              		.cfi_offset 4, -12
 801              		.cfi_offset 7, -8
 802              		.cfi_offset 14, -4
 803 0002 85B0     		sub	sp, sp, #20
 804              	.LCFI23:
 805              		.cfi_def_cfa_offset 32
 806 0004 00AF     		add	r7, sp, #0
 807              	.LCFI24:
 808              		.cfi_def_cfa_register 7
 809 0006 7860     		str	r0, [r7, #4]
 157:../Sources/TFC/TFC_Terminal.c **** 
 158:../Sources/TFC/TFC_Terminal.c **** 	int MotorSetting[2] = {0,0};
 810              		.loc 1 158 0
 811 0008 3B1C     		mov	r3, r7
 812 000a 0833     		add	r3, r3, #8
 813 000c 0022     		mov	r2, #0
 814 000e 1A60     		str	r2, [r3]
 815 0010 3B1C     		mov	r3, r7
 816 0012 0833     		add	r3, r3, #8
 817 0014 0022     		mov	r2, #0
 818 0016 5A60     		str	r2, [r3, #4]
 159:../Sources/TFC/TFC_Terminal.c **** 
 160:../Sources/TFC/TFC_Terminal.c **** 	if(sscanf(arg,"%d,%d",&MotorSetting[0],&MotorSetting[1]) == 2)
 819              		.loc 1 160 0
 820 0018 7868     		ldr	r0, [r7, #4]
 821 001a 1E49     		ldr	r1, .L38
 822 001c 3A1C     		mov	r2, r7
 823 001e 0832     		add	r2, r2, #8
 824 0020 3B1C     		mov	r3, r7
 825 0022 0833     		add	r3, r3, #8
 826 0024 0433     		add	r3, r3, #4
 827 0026 FFF7FEFF 		bl	sscanf
 828 002a 031C     		mov	r3, r0
 829 002c 022B     		cmp	r3, #2
 830 002e 27D1     		bne	.L36
 161:../Sources/TFC/TFC_Terminal.c **** 	{
 162:../Sources/TFC/TFC_Terminal.c **** 	
 163:../Sources/TFC/TFC_Terminal.c **** 	TERMINAL_PRINTF("Setting motor effort to to %d , %d\r\n",MotorSetting[0],MotorSetting[1]);
 831              		.loc 1 163 0
 832 0030 3B1C     		mov	r3, r7
 833 0032 0833     		add	r3, r3, #8
 834 0034 1A68     		ldr	r2, [r3]
 835 0036 3B1C     		mov	r3, r7
 836 0038 0833     		add	r3, r3, #8
 837 003a 5B68     		ldr	r3, [r3, #4]
 838 003c 1648     		ldr	r0, .L38+4
 839 003e 1749     		ldr	r1, .L38+8
 840 0040 FFF7FEFF 		bl	Qprintf
 164:../Sources/TFC/TFC_Terminal.c **** 	
 165:../Sources/TFC/TFC_Terminal.c **** 	TFC_SetMotorPWM((float)MotorSetting[0]/100.0f,(float)MotorSetting[1]/100.0f);
 841              		.loc 1 165 0
 842 0044 3B1C     		mov	r3, r7
 843 0046 0833     		add	r3, r3, #8
 844 0048 1B68     		ldr	r3, [r3]
 845 004a 181C     		mov	r0, r3
 846 004c FFF7FEFF 		bl	__aeabi_i2f
 847 0050 031C     		add	r3, r0, #0
 848 0052 181C     		add	r0, r3, #0
 849 0054 1249     		ldr	r1, .L38+12
 850 0056 FFF7FEFF 		bl	__aeabi_fdiv
 851 005a 031C     		add	r3, r0, #0
 852 005c 1C1C     		add	r4, r3, #0
 853 005e 3B1C     		mov	r3, r7
 854 0060 0833     		add	r3, r3, #8
 855 0062 5B68     		ldr	r3, [r3, #4]
 856 0064 181C     		mov	r0, r3
 857 0066 FFF7FEFF 		bl	__aeabi_i2f
 858 006a 031C     		add	r3, r0, #0
 859 006c 181C     		add	r0, r3, #0
 860 006e 0C49     		ldr	r1, .L38+12
 861 0070 FFF7FEFF 		bl	__aeabi_fdiv
 862 0074 031C     		add	r3, r0, #0
 863 0076 201C     		add	r0, r4, #0
 864 0078 191C     		add	r1, r3, #0
 865 007a FFF7FEFF 		bl	TFC_SetMotorPWM
 866 007e 05E0     		b	.L35
 867              	.L36:
 166:../Sources/TFC/TFC_Terminal.c **** 
 167:../Sources/TFC/TFC_Terminal.c **** 
 168:../Sources/TFC/TFC_Terminal.c **** 	}
 169:../Sources/TFC/TFC_Terminal.c **** 	else
 170:../Sources/TFC/TFC_Terminal.c **** 	{
 171:../Sources/TFC/TFC_Terminal.c **** 		TERMINAL_PRINTF("Invalid motor control string. There must be 2 command separated arguments betwee
 868              		.loc 1 171 0
 869 0080 054A     		ldr	r2, .L38+4
 870 0082 084B     		ldr	r3, .L38+16
 871 0084 101C     		mov	r0, r2
 872 0086 191C     		mov	r1, r3
 873 0088 FFF7FEFF 		bl	Qprintf
 874              	.L35:
 172:../Sources/TFC/TFC_Terminal.c **** 	}
 173:../Sources/TFC/TFC_Terminal.c **** 	
 174:../Sources/TFC/TFC_Terminal.c **** }
 875              		.loc 1 174 0
 876 008c BD46     		mov	sp, r7
 877 008e 05B0     		add	sp, sp, #20
 878              		@ sp needed for prologue
 879 0090 90BD     		pop	{r4, r7, pc}
 880              	.L39:
 881 0092 C046     		.align	2
 882              	.L38:
 883 0094 04020000 		.word	.LC54
 884 0098 00000000 		.word	SDA_SERIAL_OUTGOING_QUEUE
 885 009c 98020000 		.word	.LC63
 886 00a0 0000C842 		.word	1120403456
 887 00a4 C0020000 		.word	.LC65
 888              		.cfi_endproc
 889              	.LFE8:
 891              		.section	.rodata
 892 032f 00       		.align	2
 893              	.LC76:
 894 0330 0D0A00   		.ascii	"\015\012\000"
 895 0333 00       		.align	2
 896              	.LC78:
 897 0334 0D0A2573 		.ascii	"\015\012%s command not recognized.\015\012\015\012\000"
 897      20636F6D 
 897      6D616E64 
 897      206E6F74 
 897      20726563 
 898 0355 000000   		.align	2
 899              	.LC80:
 900 0358 6E6F2061 		.ascii	"no arg\000"
 900      726700
 901 035f 00       		.align	2
 902              	.LC82:
 903 0360 0D0A3E00 		.ascii	"\015\012>\000"
 904              		.section	.text.TFC_ProcessTerminal,"ax",%progbits
 905              		.align	2
 906              		.global	TFC_ProcessTerminal
 907              		.code	16
 908              		.thumb_func
 910              	TFC_ProcessTerminal:
 911              	.LFB9:
 175:../Sources/TFC/TFC_Terminal.c **** 
 176:../Sources/TFC/TFC_Terminal.c **** 
 177:../Sources/TFC/TFC_Terminal.c **** void TFC_ProcessTerminal()
 178:../Sources/TFC/TFC_Terminal.c **** {
 912              		.loc 1 178 0
 913              		.cfi_startproc
 914 0000 80B5     		push	{r7, lr}
 915              	.LCFI25:
 916              		.cfi_def_cfa_offset 8
 917              		.cfi_offset 7, -8
 918              		.cfi_offset 14, -4
 919 0002 82B0     		sub	sp, sp, #8
 920              	.LCFI26:
 921              		.cfi_def_cfa_offset 16
 922 0004 00AF     		add	r7, sp, #0
 923              	.LCFI27:
 924              		.cfi_def_cfa_register 7
 179:../Sources/TFC/TFC_Terminal.c ****      uint8_t i,j;
 180:../Sources/TFC/TFC_Terminal.c ****      uint8_t ArgsFound;
 181:../Sources/TFC/TFC_Terminal.c ****         
 182:../Sources/TFC/TFC_Terminal.c ****     if(TERMINAL_READABLE)
 925              		.loc 1 182 0
 926 0006 A94B     		ldr	r3, .L69
 927 0008 181C     		mov	r0, r3
 928 000a FFF7FEFF 		bl	BytesInQueue
 929 000e 031C     		mov	r3, r0
 930 0010 00D1     		bne	.LCB607
 931 0012 48E1     		b	.L40	@long jump
 932              	.LCB607:
 183:../Sources/TFC/TFC_Terminal.c ****     {
 184:../Sources/TFC/TFC_Terminal.c ****        NextCharIn = TERMINAL_GETC;
 933              		.loc 1 184 0
 934 0014 A54B     		ldr	r3, .L69
 935 0016 181C     		mov	r0, r3
 936 0018 FFF7FEFF 		bl	ForcedByteDequeue
 937 001c 031C     		mov	r3, r0
 938 001e 1A1C     		mov	r2, r3
 939 0020 A34B     		ldr	r3, .L69+4
 940 0022 1A70     		strb	r2, [r3]
 185:../Sources/TFC/TFC_Terminal.c ****        
 186:../Sources/TFC/TFC_Terminal.c ****         switch(NextCharIn)
 941              		.loc 1 186 0
 942 0024 A24B     		ldr	r3, .L69+4
 943 0026 1B78     		ldrb	r3, [r3]
 944 0028 082B     		cmp	r3, #8
 945 002a 00D1     		bne	.LCB618
 946 002c FDE0     		b	.L43	@long jump
 947              	.LCB618:
 948 002e 0D2B     		cmp	r3, #13
 949 0030 00D0     		beq	.LCB620
 950 0032 0CE1     		b	.L64	@long jump
 951              	.LCB620:
 952              	.L44:
 187:../Sources/TFC/TFC_Terminal.c ****         {
 188:../Sources/TFC/TFC_Terminal.c ****             case '\r':
 189:../Sources/TFC/TFC_Terminal.c ****              
 190:../Sources/TFC/TFC_Terminal.c ****              TerminalLineBuf[TerminalPos++] = 0x0;
 953              		.loc 1 190 0
 954 0034 9F4B     		ldr	r3, .L69+8
 955 0036 1B78     		ldrb	r3, [r3]
 956 0038 1A1C     		mov	r2, r3
 957 003a 9F49     		ldr	r1, .L69+12
 958 003c 0020     		mov	r0, #0
 959 003e 8854     		strb	r0, [r1, r2]
 960 0040 0133     		add	r3, r3, #1
 961 0042 DAB2     		uxtb	r2, r3
 962 0044 9B4B     		ldr	r3, .L69+8
 963 0046 1A70     		strb	r2, [r3]
 191:../Sources/TFC/TFC_Terminal.c ****              TERMINAL_PUTC(NextCharIn);
 964              		.loc 1 191 0
 965 0048 994B     		ldr	r3, .L69+4
 966 004a 1B78     		ldrb	r3, [r3]
 967 004c 9B4A     		ldr	r2, .L69+16
 968 004e 101C     		mov	r0, r2
 969 0050 191C     		mov	r1, r3
 970 0052 FFF7FEFF 		bl	ByteEnqueue
 192:../Sources/TFC/TFC_Terminal.c ****            
 193:../Sources/TFC/TFC_Terminal.c ****              if(TerminalPos > 1)
 971              		.loc 1 193 0
 972 0056 974B     		ldr	r3, .L69+8
 973 0058 1B78     		ldrb	r3, [r3]
 974 005a 012B     		cmp	r3, #1
 975 005c 00D8     		bhi	.LCB641
 976 005e DAE0     		b	.L45	@long jump
 977              	.LCB641:
 194:../Sources/TFC/TFC_Terminal.c ****              {
 195:../Sources/TFC/TFC_Terminal.c ****                  //find the command
 196:../Sources/TFC/TFC_Terminal.c ****                  i=0;
 978              		.loc 1 196 0
 979 0060 FB1D     		add	r3, r7, #7
 980 0062 0022     		mov	r2, #0
 981 0064 1A70     		strb	r2, [r3]
 197:../Sources/TFC/TFC_Terminal.c ****                  while(TerminalLineBuf[i]>0x20 &&  TerminalLineBuf[i]<0x7f)
 982              		.loc 1 197 0
 983 0066 10E0     		b	.L46
 984              	.L48:
 198:../Sources/TFC/TFC_Terminal.c ****                  {
 199:../Sources/TFC/TFC_Terminal.c ****                       TerminalCmdBuf[i] = TerminalLineBuf[i];
 985              		.loc 1 199 0
 986 0068 FB1D     		add	r3, r7, #7
 987 006a 1B78     		ldrb	r3, [r3]
 988 006c FA1D     		add	r2, r7, #7
 989 006e 1278     		ldrb	r2, [r2]
 990 0070 9149     		ldr	r1, .L69+12
 991 0072 895C     		ldrb	r1, [r1, r2]
 992 0074 924A     		ldr	r2, .L69+20
 993 0076 D154     		strb	r1, [r2, r3]
 200:../Sources/TFC/TFC_Terminal.c ****                       i++;
 994              		.loc 1 200 0
 995 0078 FB1D     		add	r3, r7, #7
 996 007a FA1D     		add	r2, r7, #7
 997 007c 1278     		ldrb	r2, [r2]
 998 007e 0132     		add	r2, r2, #1
 999 0080 1A70     		strb	r2, [r3]
 201:../Sources/TFC/TFC_Terminal.c ****     
 202:../Sources/TFC/TFC_Terminal.c ****                     if(i==MAX_TERMINAL_CMD_CHARS)
 1000              		.loc 1 202 0
 1001 0082 FB1D     		add	r3, r7, #7
 1002 0084 1B78     		ldrb	r3, [r3]
 1003 0086 202B     		cmp	r3, #32
 1004 0088 0CD0     		beq	.L66
 1005              	.L46:
 197:../Sources/TFC/TFC_Terminal.c ****                  while(TerminalLineBuf[i]>0x20 &&  TerminalLineBuf[i]<0x7f)
 1006              		.loc 1 197 0 discriminator 1
 1007 008a FB1D     		add	r3, r7, #7
 1008 008c 1B78     		ldrb	r3, [r3]
 1009 008e 8A4A     		ldr	r2, .L69+12
 1010 0090 D35C     		ldrb	r3, [r2, r3]
 1011 0092 202B     		cmp	r3, #32
 1012 0094 07D9     		bls	.L47
 197:../Sources/TFC/TFC_Terminal.c ****                  while(TerminalLineBuf[i]>0x20 &&  TerminalLineBuf[i]<0x7f)
 1013              		.loc 1 197 0 is_stmt 0 discriminator 2
 1014 0096 FB1D     		add	r3, r7, #7
 1015 0098 1B78     		ldrb	r3, [r3]
 1016 009a 874A     		ldr	r2, .L69+12
 1017 009c D35C     		ldrb	r3, [r2, r3]
 1018 009e 7E2B     		cmp	r3, #126
 1019 00a0 E2D9     		bls	.L48
 1020 00a2 00E0     		b	.L47
 1021              	.L66:
 203:../Sources/TFC/TFC_Terminal.c ****                         {
 204:../Sources/TFC/TFC_Terminal.c ****                          break;
 1022              		.loc 1 204 0 is_stmt 1
 1023 00a4 C046     		mov	r8, r8
 1024              	.L47:
 205:../Sources/TFC/TFC_Terminal.c ****                         }
 206:../Sources/TFC/TFC_Terminal.c ****                  }
 207:../Sources/TFC/TFC_Terminal.c ****                     
 208:../Sources/TFC/TFC_Terminal.c ****                 TerminalCmdBuf[i] = 0;
 1025              		.loc 1 208 0
 1026 00a6 FB1D     		add	r3, r7, #7
 1027 00a8 1B78     		ldrb	r3, [r3]
 1028 00aa 854A     		ldr	r2, .L69+20
 1029 00ac 0021     		mov	r1, #0
 1030 00ae D154     		strb	r1, [r2, r3]
 209:../Sources/TFC/TFC_Terminal.c ****                 TerminalCmdBuf[i+1] = 0;
 1031              		.loc 1 209 0
 1032 00b0 FB1D     		add	r3, r7, #7
 1033 00b2 1B78     		ldrb	r3, [r3]
 1034 00b4 0133     		add	r3, r3, #1
 1035 00b6 824A     		ldr	r2, .L69+20
 1036 00b8 0021     		mov	r1, #0
 1037 00ba D154     		strb	r1, [r2, r3]
 210:../Sources/TFC/TFC_Terminal.c ****                 
 211:../Sources/TFC/TFC_Terminal.c ****                 
 212:../Sources/TFC/TFC_Terminal.c ****                 ArgsFound = TRUE;
 1038              		.loc 1 212 0
 1039 00bc 7B1D     		add	r3, r7, #5
 1040 00be 0122     		mov	r2, #1
 1041 00c0 1A70     		strb	r2, [r3]
 213:../Sources/TFC/TFC_Terminal.c ****                 memset(TerminalArgs,0x00,sizeof(TerminalArgs));
 1042              		.loc 1 213 0
 1043 00c2 804B     		ldr	r3, .L69+24
 1044 00c4 0022     		mov	r2, #0
 1045 00c6 1A60     		str	r2, [r3]
 1046 00c8 0433     		add	r3, r3, #4
 1047 00ca 0022     		mov	r2, #0
 1048 00cc 1A60     		str	r2, [r3]
 1049 00ce 0433     		add	r3, r3, #4
 1050 00d0 0022     		mov	r2, #0
 1051 00d2 1A60     		str	r2, [r3]
 1052 00d4 0433     		add	r3, r3, #4
 1053 00d6 0022     		mov	r2, #0
 1054 00d8 1A60     		str	r2, [r3]
 1055 00da 0433     		add	r3, r3, #4
 1056 00dc 0022     		mov	r2, #0
 1057 00de 1A60     		str	r2, [r3]
 1058 00e0 0433     		add	r3, r3, #4
 1059 00e2 0022     		mov	r2, #0
 1060 00e4 1A60     		str	r2, [r3]
 1061 00e6 0433     		add	r3, r3, #4
 1062 00e8 0022     		mov	r2, #0
 1063 00ea 1A60     		str	r2, [r3]
 1064 00ec 0433     		add	r3, r3, #4
 1065 00ee 0022     		mov	r2, #0
 1066 00f0 1A60     		str	r2, [r3]
 1067 00f2 0433     		add	r3, r3, #4
 214:../Sources/TFC/TFC_Terminal.c ****                 //scan for num terminator or next non whitespace
 215:../Sources/TFC/TFC_Terminal.c ****                 while(TerminalLineBuf[i]<=0x20 && (i<MAX_TERMINAL_LINE_CHARS))
 1068              		.loc 1 215 0
 1069 00f4 0EE0     		b	.L49
 1070              	.L52:
 216:../Sources/TFC/TFC_Terminal.c ****                 {
 217:../Sources/TFC/TFC_Terminal.c ****                     if(TerminalLineBuf[i] == 0x00)
 1071              		.loc 1 217 0
 1072 00f6 FB1D     		add	r3, r7, #7
 1073 00f8 1B78     		ldrb	r3, [r3]
 1074 00fa 6F4A     		ldr	r2, .L69+12
 1075 00fc D35C     		ldrb	r3, [r2, r3]
 1076 00fe 002B     		cmp	r3, #0
 1077 0100 03D1     		bne	.L50
 218:../Sources/TFC/TFC_Terminal.c ****                     {
 219:../Sources/TFC/TFC_Terminal.c ****                     
 220:../Sources/TFC/TFC_Terminal.c ****                         //if we find a NULL terminator before a non whitespace character they flag 
 221:../Sources/TFC/TFC_Terminal.c ****                         ArgsFound = FALSE;
 1078              		.loc 1 221 0
 1079 0102 7B1D     		add	r3, r7, #5
 1080 0104 0022     		mov	r2, #0
 1081 0106 1A70     		strb	r2, [r3]
 222:../Sources/TFC/TFC_Terminal.c ****                         break;
 1082              		.loc 1 222 0
 1083 0108 0EE0     		b	.L51
 1084              	.L50:
 223:../Sources/TFC/TFC_Terminal.c ****                     }   
 224:../Sources/TFC/TFC_Terminal.c ****                     i++; 
 1085              		.loc 1 224 0
 1086 010a FB1D     		add	r3, r7, #7
 1087 010c FA1D     		add	r2, r7, #7
 1088 010e 1278     		ldrb	r2, [r2]
 1089 0110 0132     		add	r2, r2, #1
 1090 0112 1A70     		strb	r2, [r3]
 1091              	.L49:
 215:../Sources/TFC/TFC_Terminal.c ****                 while(TerminalLineBuf[i]<=0x20 && (i<MAX_TERMINAL_LINE_CHARS))
 1092              		.loc 1 215 0 discriminator 1
 1093 0114 FB1D     		add	r3, r7, #7
 1094 0116 1B78     		ldrb	r3, [r3]
 1095 0118 674A     		ldr	r2, .L69+12
 1096 011a D35C     		ldrb	r3, [r2, r3]
 1097 011c 202B     		cmp	r3, #32
 1098 011e 03D8     		bhi	.L51
 215:../Sources/TFC/TFC_Terminal.c ****                 while(TerminalLineBuf[i]<=0x20 && (i<MAX_TERMINAL_LINE_CHARS))
 1099              		.loc 1 215 0 is_stmt 0 discriminator 2
 1100 0120 FB1D     		add	r3, r7, #7
 1101 0122 1B78     		ldrb	r3, [r3]
 1102 0124 3F2B     		cmp	r3, #63
 1103 0126 E6D9     		bls	.L52
 1104              	.L51:
 225:../Sources/TFC/TFC_Terminal.c ****                 }
 226:../Sources/TFC/TFC_Terminal.c ****                 
 227:../Sources/TFC/TFC_Terminal.c ****                 if(ArgsFound == TRUE)
 1105              		.loc 1 227 0 is_stmt 1
 1106 0128 7B1D     		add	r3, r7, #5
 1107 012a 1B78     		ldrb	r3, [r3]
 1108 012c 012B     		cmp	r3, #1
 1109 012e 20D1     		bne	.L53
 228:../Sources/TFC/TFC_Terminal.c ****                 {
 229:../Sources/TFC/TFC_Terminal.c ****                     strcpy(TerminalArgs,&TerminalLineBuf[i]);
 1110              		.loc 1 229 0
 1111 0130 614A     		ldr	r2, .L69+12
 1112 0132 FB1D     		add	r3, r7, #7
 1113 0134 1B78     		ldrb	r3, [r3]
 1114 0136 D318     		add	r3, r2, r3
 1115 0138 624A     		ldr	r2, .L69+24
 1116 013a 101C     		mov	r0, r2
 1117 013c 191C     		mov	r1, r3
 1118 013e FFF7FEFF 		bl	strcpy
 230:../Sources/TFC/TFC_Terminal.c ****                     
 231:../Sources/TFC/TFC_Terminal.c ****                     //trim trailing whitespace
 232:../Sources/TFC/TFC_Terminal.c ****                     i = sizeof(TerminalArgs)-1;
 1119              		.loc 1 232 0
 1120 0142 FB1D     		add	r3, r7, #7
 1121 0144 1F22     		mov	r2, #31
 1122 0146 1A70     		strb	r2, [r3]
 233:../Sources/TFC/TFC_Terminal.c ****                     
 234:../Sources/TFC/TFC_Terminal.c ****                     while((TerminalArgs[i]<0x21) && (i>0))
 1123              		.loc 1 234 0
 1124 0148 09E0     		b	.L54
 1125              	.L55:
 235:../Sources/TFC/TFC_Terminal.c ****                     {
 236:../Sources/TFC/TFC_Terminal.c ****                         TerminalArgs[i]= 0x00;
 1126              		.loc 1 236 0
 1127 014a FB1D     		add	r3, r7, #7
 1128 014c 1B78     		ldrb	r3, [r3]
 1129 014e 5D4A     		ldr	r2, .L69+24
 1130 0150 0021     		mov	r1, #0
 1131 0152 D154     		strb	r1, [r2, r3]
 237:../Sources/TFC/TFC_Terminal.c ****                         i--;
 1132              		.loc 1 237 0
 1133 0154 FB1D     		add	r3, r7, #7
 1134 0156 FA1D     		add	r2, r7, #7
 1135 0158 1278     		ldrb	r2, [r2]
 1136 015a 013A     		sub	r2, r2, #1
 1137 015c 1A70     		strb	r2, [r3]
 1138              	.L54:
 234:../Sources/TFC/TFC_Terminal.c ****                     while((TerminalArgs[i]<0x21) && (i>0))
 1139              		.loc 1 234 0 discriminator 1
 1140 015e FB1D     		add	r3, r7, #7
 1141 0160 1B78     		ldrb	r3, [r3]
 1142 0162 584A     		ldr	r2, .L69+24
 1143 0164 D35C     		ldrb	r3, [r2, r3]
 1144 0166 202B     		cmp	r3, #32
 1145 0168 03D8     		bhi	.L53
 234:../Sources/TFC/TFC_Terminal.c ****                     while((TerminalArgs[i]<0x21) && (i>0))
 1146              		.loc 1 234 0 is_stmt 0 discriminator 2
 1147 016a FB1D     		add	r3, r7, #7
 1148 016c 1B78     		ldrb	r3, [r3]
 1149 016e 002B     		cmp	r3, #0
 1150 0170 EBD1     		bne	.L55
 1151              	.L53:
 238:../Sources/TFC/TFC_Terminal.c ****                     }       
 239:../Sources/TFC/TFC_Terminal.c ****                 }
 240:../Sources/TFC/TFC_Terminal.c ****                 
 241:../Sources/TFC/TFC_Terminal.c ****                 CmdFound = FALSE;
 1152              		.loc 1 241 0 is_stmt 1
 1153 0172 554B     		ldr	r3, .L69+28
 1154 0174 0022     		mov	r2, #0
 1155 0176 1A70     		strb	r2, [r3]
 242:../Sources/TFC/TFC_Terminal.c ****                 for(j=0;j<NUM_TERMINAL_COMMANDS;j++)
 1156              		.loc 1 242 0
 1157 0178 BB1D     		add	r3, r7, #6
 1158 017a 0022     		mov	r2, #0
 1159 017c 1A70     		strb	r2, [r3]
 1160 017e 36E0     		b	.L56
 1161              	.L60:
 243:../Sources/TFC/TFC_Terminal.c ****                 {           
 244:../Sources/TFC/TFC_Terminal.c ****                     if(strcmp(TerminalCmdBuf,MyTerminalCallbackRecords[j].CommandString) == 0)
 1162              		.loc 1 244 0
 1163 0180 BB1D     		add	r3, r7, #6
 1164 0182 1A78     		ldrb	r2, [r3]
 1165 0184 5149     		ldr	r1, .L69+32
 1166 0186 131C     		mov	r3, r2
 1167 0188 5B00     		lsl	r3, r3, #1
 1168 018a 9B18     		add	r3, r3, r2
 1169 018c 9B00     		lsl	r3, r3, #2
 1170 018e 5B58     		ldr	r3, [r3, r1]
 1171 0190 4B4A     		ldr	r2, .L69+20
 1172 0192 101C     		mov	r0, r2
 1173 0194 191C     		mov	r1, r3
 1174 0196 FFF7FEFF 		bl	strcmp
 1175 019a 031C     		mov	r3, r0
 1176 019c 22D1     		bne	.L57
 245:../Sources/TFC/TFC_Terminal.c ****                     {
 246:../Sources/TFC/TFC_Terminal.c ****                         TERMINAL_PRINTF("\r\n");
 1177              		.loc 1 246 0
 1178 019e 474A     		ldr	r2, .L69+16
 1179 01a0 4B4B     		ldr	r3, .L69+36
 1180 01a2 101C     		mov	r0, r2
 1181 01a4 191C     		mov	r1, r3
 1182 01a6 FFF7FEFF 		bl	Qprintf
 247:../Sources/TFC/TFC_Terminal.c ****                         if(MyTerminalCallbackRecords[j].Callback != NULL)
 1183              		.loc 1 247 0
 1184 01aa BB1D     		add	r3, r7, #6
 1185 01ac 1A78     		ldrb	r2, [r3]
 1186 01ae 4749     		ldr	r1, .L69+32
 1187 01b0 131C     		mov	r3, r2
 1188 01b2 5B00     		lsl	r3, r3, #1
 1189 01b4 9B18     		add	r3, r3, r2
 1190 01b6 9B00     		lsl	r3, r3, #2
 1191 01b8 CB18     		add	r3, r1, r3
 1192 01ba 0433     		add	r3, r3, #4
 1193 01bc 1B68     		ldr	r3, [r3]
 1194 01be 002B     		cmp	r3, #0
 1195 01c0 0CD0     		beq	.L58
 248:../Sources/TFC/TFC_Terminal.c ****                             MyTerminalCallbackRecords[j].Callback(TerminalArgs);
 1196              		.loc 1 248 0
 1197 01c2 BB1D     		add	r3, r7, #6
 1198 01c4 1A78     		ldrb	r2, [r3]
 1199 01c6 4149     		ldr	r1, .L69+32
 1200 01c8 131C     		mov	r3, r2
 1201 01ca 5B00     		lsl	r3, r3, #1
 1202 01cc 9B18     		add	r3, r3, r2
 1203 01ce 9B00     		lsl	r3, r3, #2
 1204 01d0 CB18     		add	r3, r1, r3
 1205 01d2 0433     		add	r3, r3, #4
 1206 01d4 1B68     		ldr	r3, [r3]
 1207 01d6 3B4A     		ldr	r2, .L69+24
 1208 01d8 101C     		mov	r0, r2
 1209 01da 9847     		blx	r3
 1210              	.L58:
 249:../Sources/TFC/TFC_Terminal.c ****                     
 250:../Sources/TFC/TFC_Terminal.c ****                         CmdFound = TRUE;
 1211              		.loc 1 250 0
 1212 01dc 3A4B     		ldr	r3, .L69+28
 1213 01de 0122     		mov	r2, #1
 1214 01e0 1A70     		strb	r2, [r3]
 251:../Sources/TFC/TFC_Terminal.c ****                         break;
 1215              		.loc 1 251 0
 1216 01e2 08E0     		b	.L59
 1217              	.L57:
 242:../Sources/TFC/TFC_Terminal.c ****                 for(j=0;j<NUM_TERMINAL_COMMANDS;j++)
 1218              		.loc 1 242 0
 1219 01e4 BB1D     		add	r3, r7, #6
 1220 01e6 BA1D     		add	r2, r7, #6
 1221 01e8 1278     		ldrb	r2, [r2]
 1222 01ea 0132     		add	r2, r2, #1
 1223 01ec 1A70     		strb	r2, [r3]
 1224              	.L56:
 242:../Sources/TFC/TFC_Terminal.c ****                 for(j=0;j<NUM_TERMINAL_COMMANDS;j++)
 1225              		.loc 1 242 0 is_stmt 0 discriminator 1
 1226 01ee BB1D     		add	r3, r7, #6
 1227 01f0 1B78     		ldrb	r3, [r3]
 1228 01f2 052B     		cmp	r3, #5
 1229 01f4 C4D9     		bls	.L60
 1230              	.L59:
 252:../Sources/TFC/TFC_Terminal.c ****                     }             
 253:../Sources/TFC/TFC_Terminal.c ****                 }        
 254:../Sources/TFC/TFC_Terminal.c ****                 if(CmdFound == FALSE)
 1231              		.loc 1 254 0 is_stmt 1
 1232 01f6 344B     		ldr	r3, .L69+28
 1233 01f8 1B78     		ldrb	r3, [r3]
 1234 01fa 002B     		cmp	r3, #0
 1235 01fc 0BD1     		bne	.L45
 255:../Sources/TFC/TFC_Terminal.c ****                 {
 256:../Sources/TFC/TFC_Terminal.c ****                   TERMINAL_PRINTF("\r\n%s command not recognized.\r\n\r\n",TerminalCmdBuf);
 1236              		.loc 1 256 0
 1237 01fe 2F49     		ldr	r1, .L69+16
 1238 0200 344A     		ldr	r2, .L69+40
 1239 0202 2F4B     		ldr	r3, .L69+20
 1240 0204 081C     		mov	r0, r1
 1241 0206 111C     		mov	r1, r2
 1242 0208 1A1C     		mov	r2, r3
 1243 020a FFF7FEFF 		bl	Qprintf
 257:../Sources/TFC/TFC_Terminal.c ****                   TerminalCmd_Help("no arg");
 1244              		.loc 1 257 0
 1245 020e 324B     		ldr	r3, .L69+44
 1246 0210 181C     		mov	r0, r3
 1247 0212 FFF7FEFF 		bl	TerminalCmd_Help
 1248              	.L45:
 258:../Sources/TFC/TFC_Terminal.c ****                   
 259:../Sources/TFC/TFC_Terminal.c ****                 }
 260:../Sources/TFC/TFC_Terminal.c ****               }    
 261:../Sources/TFC/TFC_Terminal.c ****              TERMINAL_PRINTF("\r\n>");
 1249              		.loc 1 261 0
 1250 0216 294A     		ldr	r2, .L69+16
 1251 0218 304B     		ldr	r3, .L69+48
 1252 021a 101C     		mov	r0, r2
 1253 021c 191C     		mov	r1, r3
 1254 021e FFF7FEFF 		bl	Qprintf
 262:../Sources/TFC/TFC_Terminal.c ****              TerminalPos = 0;
 1255              		.loc 1 262 0
 1256 0222 244B     		ldr	r3, .L69+8
 1257 0224 0022     		mov	r2, #0
 1258 0226 1A70     		strb	r2, [r3]
 263:../Sources/TFC/TFC_Terminal.c ****             
 264:../Sources/TFC/TFC_Terminal.c ****             break;
 1259              		.loc 1 264 0
 1260 0228 3DE0     		b	.L40
 1261              	.L43:
 265:../Sources/TFC/TFC_Terminal.c ****             
 266:../Sources/TFC/TFC_Terminal.c ****             case '\b':
 267:../Sources/TFC/TFC_Terminal.c ****                 if(TerminalPos > 0)
 1262              		.loc 1 267 0
 1263 022a 224B     		ldr	r3, .L69+8
 1264 022c 1B78     		ldrb	r3, [r3]
 1265 022e 002B     		cmp	r3, #0
 1266 0230 36D0     		beq	.L67
 268:../Sources/TFC/TFC_Terminal.c ****                 {
 269:../Sources/TFC/TFC_Terminal.c ****                     TerminalPos--;    
 1267              		.loc 1 269 0
 1268 0232 204B     		ldr	r3, .L69+8
 1269 0234 1B78     		ldrb	r3, [r3]
 1270 0236 013B     		sub	r3, r3, #1
 1271 0238 DAB2     		uxtb	r2, r3
 1272 023a 1E4B     		ldr	r3, .L69+8
 1273 023c 1A70     		strb	r2, [r3]
 270:../Sources/TFC/TFC_Terminal.c ****                     TERMINAL_PUTC(NextCharIn);
 1274              		.loc 1 270 0
 1275 023e 1C4B     		ldr	r3, .L69+4
 1276 0240 1B78     		ldrb	r3, [r3]
 1277 0242 1E4A     		ldr	r2, .L69+16
 1278 0244 101C     		mov	r0, r2
 1279 0246 191C     		mov	r1, r3
 1280 0248 FFF7FEFF 		bl	ByteEnqueue
 271:../Sources/TFC/TFC_Terminal.c ****                 }
 272:../Sources/TFC/TFC_Terminal.c ****             break;
 1281              		.loc 1 272 0
 1282 024c 28E0     		b	.L67
 1283              	.L64:
 273:../Sources/TFC/TFC_Terminal.c ****             
 274:../Sources/TFC/TFC_Terminal.c ****             default:
 275:../Sources/TFC/TFC_Terminal.c ****                 
 276:../Sources/TFC/TFC_Terminal.c ****                 if(TerminalPos == 0 && NextCharIn == 0x020)
 1284              		.loc 1 276 0
 1285 024e 194B     		ldr	r3, .L69+8
 1286 0250 1B78     		ldrb	r3, [r3]
 1287 0252 002B     		cmp	r3, #0
 1288 0254 03D1     		bne	.L62
 1289              		.loc 1 276 0 is_stmt 0 discriminator 1
 1290 0256 164B     		ldr	r3, .L69+4
 1291 0258 1B78     		ldrb	r3, [r3]
 1292 025a 202B     		cmp	r3, #32
 1293 025c 1ED0     		beq	.L65
 1294              	.L62:
 277:../Sources/TFC/TFC_Terminal.c ****                 {
 278:../Sources/TFC/TFC_Terminal.c ****                      //Do nothing if space bar is pressed at beginning of line    
 279:../Sources/TFC/TFC_Terminal.c ****                 }
 280:../Sources/TFC/TFC_Terminal.c ****                    else if(NextCharIn >= 0x20 && NextCharIn<0x7F)
 1295              		.loc 1 280 0 is_stmt 1
 1296 025e 144B     		ldr	r3, .L69+4
 1297 0260 1B78     		ldrb	r3, [r3]
 1298 0262 1F2B     		cmp	r3, #31
 1299 0264 1ED9     		bls	.L68
 1300              		.loc 1 280 0 is_stmt 0 discriminator 1
 1301 0266 124B     		ldr	r3, .L69+4
 1302 0268 1B78     		ldrb	r3, [r3]
 1303 026a 7E2B     		cmp	r3, #126
 1304 026c 1AD8     		bhi	.L68
 281:../Sources/TFC/TFC_Terminal.c ****                 {
 282:../Sources/TFC/TFC_Terminal.c ****                     
 283:../Sources/TFC/TFC_Terminal.c ****                     if(TerminalPos < MAX_TERMINAL_LINE_CHARS-1)
 1305              		.loc 1 283 0 is_stmt 1
 1306 026e 114B     		ldr	r3, .L69+8
 1307 0270 1B78     		ldrb	r3, [r3]
 1308 0272 3E2B     		cmp	r3, #62
 1309 0274 16D8     		bhi	.L68
 284:../Sources/TFC/TFC_Terminal.c ****                     {
 285:../Sources/TFC/TFC_Terminal.c ****                          TerminalLineBuf[TerminalPos++] = NextCharIn;
 1310              		.loc 1 285 0
 1311 0276 0F4B     		ldr	r3, .L69+8
 1312 0278 1B78     		ldrb	r3, [r3]
 1313 027a 1A1C     		mov	r2, r3
 1314 027c 0C49     		ldr	r1, .L69+4
 1315 027e 0878     		ldrb	r0, [r1]
 1316 0280 0D49     		ldr	r1, .L69+12
 1317 0282 8854     		strb	r0, [r1, r2]
 1318 0284 0133     		add	r3, r3, #1
 1319 0286 DAB2     		uxtb	r2, r3
 1320 0288 0A4B     		ldr	r3, .L69+8
 1321 028a 1A70     		strb	r2, [r3]
 286:../Sources/TFC/TFC_Terminal.c ****                         TERMINAL_PUTC(NextCharIn);
 1322              		.loc 1 286 0
 1323 028c 084B     		ldr	r3, .L69+4
 1324 028e 1B78     		ldrb	r3, [r3]
 1325 0290 0A4A     		ldr	r2, .L69+16
 1326 0292 101C     		mov	r0, r2
 1327 0294 191C     		mov	r1, r3
 1328 0296 FFF7FEFF 		bl	ByteEnqueue
 287:../Sources/TFC/TFC_Terminal.c ****                     }
 288:../Sources/TFC/TFC_Terminal.c ****                 }
 289:../Sources/TFC/TFC_Terminal.c ****             
 290:../Sources/TFC/TFC_Terminal.c ****             break;
 1329              		.loc 1 290 0
 1330 029a 03E0     		b	.L68
 1331              	.L65:
 1332 029c C046     		mov	r8, r8
 1333 029e 01E0     		b	.L68
 1334              	.L67:
 272:../Sources/TFC/TFC_Terminal.c ****             break;
 1335              		.loc 1 272 0
 1336 02a0 C046     		mov	r8, r8
 1337 02a2 00E0     		b	.L40
 1338              	.L68:
 1339              		.loc 1 290 0
 1340 02a4 C046     		mov	r8, r8
 1341              	.L40:
 291:../Sources/TFC/TFC_Terminal.c ****         
 292:../Sources/TFC/TFC_Terminal.c ****         }
 293:../Sources/TFC/TFC_Terminal.c ****     }
 294:../Sources/TFC/TFC_Terminal.c ****  
 295:../Sources/TFC/TFC_Terminal.c **** }
 1342              		.loc 1 295 0
 1343 02a6 BD46     		mov	sp, r7
 1344 02a8 02B0     		add	sp, sp, #8
 1345              		@ sp needed for prologue
 1346 02aa 80BD     		pop	{r7, pc}
 1347              	.L70:
 1348              		.align	2
 1349              	.L69:
 1350 02ac 00000000 		.word	SDA_SERIAL_INCOMING_QUEUE
 1351 02b0 00000000 		.word	NextCharIn
 1352 02b4 00000000 		.word	TerminalPos
 1353 02b8 00000000 		.word	TerminalLineBuf
 1354 02bc 00000000 		.word	SDA_SERIAL_OUTGOING_QUEUE
 1355 02c0 00000000 		.word	TerminalCmdBuf
 1356 02c4 00000000 		.word	TerminalArgs
 1357 02c8 00000000 		.word	CmdFound
 1358 02cc 00000000 		.word	MyTerminalCallbackRecords
 1359 02d0 30030000 		.word	.LC76
 1360 02d4 34030000 		.word	.LC78
 1361 02d8 58030000 		.word	.LC80
 1362 02dc 60030000 		.word	.LC82
 1363              		.cfi_endproc
 1364              	.LFE9:
 1366              		.text
 1367              	.Letext0:
 1368              		.file 2 "C:/Freescale/CW MCU v10.3/MCU/ARM_GCC_Support/ewl/EWL_C/include/cstdint"
 1369              		.file 3 "C:/Users/plexu_000/Dropbox/FRDM-TFC/SRC/FRDM-TFC/Project_Headers/MKL25Z4.h"
 1370              		.file 4 "C:/Users/plexu_000/Dropbox/FRDM-TFC/SRC/FRDM-TFC/Project_Headers/TFC\\TFC_Queue.h"
 1371              		.file 5 "C:/Users/plexu_000/Dropbox/FRDM-TFC/SRC/FRDM-TFC/Project_Headers/TFC\\TFC_LineScanCamera.
 1372              		.file 6 "C:/Users/plexu_000/Dropbox/FRDM-TFC/SRC/FRDM-TFC/Project_Headers/TFC\\TFC_UART.h"
DEFINED SYMBOLS
                            *ABS*:00000000 TFC_Terminal.c
C:\Users\PLEXU_~1\AppData\Local\Temp\cc3KqosF.s:59     .data.MyTerminalCallbackRecords:00000000 MyTerminalCallbackRecords
C:\Users\PLEXU_~1\AppData\Local\Temp\cc3KqosF.s:19     .rodata:00000000 $d
C:\Users\PLEXU_~1\AppData\Local\Temp\cc3KqosF.s:56     .data.MyTerminalCallbackRecords:00000000 $d
C:\Users\PLEXU_~1\AppData\Local\Temp\cc3KqosF.s:232    .text.TerminalCmd_Help:00000000 TerminalCmd_Help
C:\Users\PLEXU_~1\AppData\Local\Temp\cc3KqosF.s:493    .text.TerminalCmd_GetLineScan:00000000 TerminalCmd_GetLineScan
C:\Users\PLEXU_~1\AppData\Local\Temp\cc3KqosF.s:678    .text.TerminalCmd_S:00000000 TerminalCmd_S
C:\Users\PLEXU_~1\AppData\Local\Temp\cc3KqosF.s:793    .text.TerminalCmd_H:00000000 TerminalCmd_H
C:\Users\PLEXU_~1\AppData\Local\Temp\cc3KqosF.s:375    .text.TerminalCmd_E:00000000 TerminalCmd_E
C:\Users\PLEXU_~1\AppData\Local\Temp\cc3KqosF.s:426    .text.TerminalCmd_D:00000000 TerminalCmd_D
                            *COM*:00000040 TerminalLineBuf
                            *COM*:00000001 TerminalPos
                            *COM*:00000021 TerminalCmdBuf
                            *COM*:00000020 TerminalArgs
                            *COM*:00000001 NextCharIn
                            *COM*:00000001 CmdFound
C:\Users\PLEXU_~1\AppData\Local\Temp\cc3KqosF.s:105    .text.TerminalBootMsg:00000000 $t
C:\Users\PLEXU_~1\AppData\Local\Temp\cc3KqosF.s:110    .text.TerminalBootMsg:00000000 TerminalBootMsg
C:\Users\PLEXU_~1\AppData\Local\Temp\cc3KqosF.s:166    .text.TerminalBootMsg:00000050 $d
C:\Users\PLEXU_~1\AppData\Local\Temp\cc3KqosF.s:177    .text.TFC_InitTerminal:00000000 $t
C:\Users\PLEXU_~1\AppData\Local\Temp\cc3KqosF.s:182    .text.TFC_InitTerminal:00000000 TFC_InitTerminal
C:\Users\PLEXU_~1\AppData\Local\Temp\cc3KqosF.s:211    .text.TFC_InitTerminal:00000018 $d
C:\Users\PLEXU_~1\AppData\Local\Temp\cc3KqosF.s:227    .text.TerminalCmd_Help:00000000 $t
C:\Users\PLEXU_~1\AppData\Local\Temp\cc3KqosF.s:324    .text.TerminalCmd_Help:0000008c $d
C:\Users\PLEXU_~1\AppData\Local\Temp\cc3KqosF.s:334    .text.TerminalCmd_Reboot:00000000 $t
C:\Users\PLEXU_~1\AppData\Local\Temp\cc3KqosF.s:339    .text.TerminalCmd_Reboot:00000000 TerminalCmd_Reboot
C:\Users\PLEXU_~1\AppData\Local\Temp\cc3KqosF.s:370    .text.TerminalCmd_E:00000000 $t
C:\Users\PLEXU_~1\AppData\Local\Temp\cc3KqosF.s:410    .text.TerminalCmd_E:00000024 $d
C:\Users\PLEXU_~1\AppData\Local\Temp\cc3KqosF.s:421    .text.TerminalCmd_D:00000000 $t
C:\Users\PLEXU_~1\AppData\Local\Temp\cc3KqosF.s:467    .text.TerminalCmd_D:00000030 $d
C:\Users\PLEXU_~1\AppData\Local\Temp\cc3KqosF.s:488    .text.TerminalCmd_GetLineScan:00000000 $t
C:\Users\PLEXU_~1\AppData\Local\Temp\cc3KqosF.s:647    .text.TerminalCmd_GetLineScan:000000f4 $d
C:\Users\PLEXU_~1\AppData\Local\Temp\cc3KqosF.s:673    .text.TerminalCmd_S:00000000 $t
C:\Users\PLEXU_~1\AppData\Local\Temp\cc3KqosF.s:770    .text.TerminalCmd_S:00000098 $d
C:\Users\PLEXU_~1\AppData\Local\Temp\cc3KqosF.s:788    .text.TerminalCmd_H:00000000 $t
C:\Users\PLEXU_~1\AppData\Local\Temp\cc3KqosF.s:883    .text.TerminalCmd_H:00000094 $d
C:\Users\PLEXU_~1\AppData\Local\Temp\cc3KqosF.s:905    .text.TFC_ProcessTerminal:00000000 $t
C:\Users\PLEXU_~1\AppData\Local\Temp\cc3KqosF.s:910    .text.TFC_ProcessTerminal:00000000 TFC_ProcessTerminal
C:\Users\PLEXU_~1\AppData\Local\Temp\cc3KqosF.s:1350   .text.TFC_ProcessTerminal:000002ac $d
                     .debug_frame:00000010 $d

UNDEFINED SYMBOLS
Qprintf
SDA_SERIAL_OUTGOING_QUEUE
TFC_SetMotorPWM
LineScanImage0
LineScanImage1
__aeabi_i2f
__aeabi_fdiv
sscanf
TFC_SetServo
BytesInQueue
ForcedByteDequeue
ByteEnqueue
strcpy
strcmp
SDA_SERIAL_INCOMING_QUEUE
