   1              		.cpu cortex-m0
   2              		.fpu softvfp
   3              		.eabi_attribute 20, 1
   4              		.eabi_attribute 21, 1
   5              		.eabi_attribute 23, 3
   6              		.eabi_attribute 24, 1
   7              		.eabi_attribute 25, 1
   8              		.eabi_attribute 26, 1
   9              		.eabi_attribute 30, 6
  10              		.eabi_attribute 34, 0
  11              		.eabi_attribute 18, 4
  12              		.code	16
  13              		.file	"TFC_Motor.c"
  14              		.text
  15              	.Ltext0:
  16              		.cfi_sections	.debug_frame
  17              		.section	.text.TFC_InitMotorPWM,"ax",%progbits
  18              		.align	2
  19              		.global	TFC_InitMotorPWM
  20              		.code	16
  21              		.thumb_func
  23              	TFC_InitMotorPWM:
  24              	.LFB0:
  25              		.file 1 "../Sources/TFC/TFC_Motor.c"
   1:../Sources/TFC/TFC_Motor.c **** #include "TFC\TFC.h"
   2:../Sources/TFC/TFC_Motor.c **** #include "derivative.h"
   3:../Sources/TFC/TFC_Motor.c **** 
   4:../Sources/TFC/TFC_Motor.c **** 
   5:../Sources/TFC/TFC_Motor.c **** #define FTM0_MOD_VALUE	(int)((float)(PERIPHERAL_BUS_CLOCK)/TFC_MOTOR_SWITCHING_FREQUENCY)
   6:../Sources/TFC/TFC_Motor.c **** 
   7:../Sources/TFC/TFC_Motor.c **** #define FTM0_CLOCK                                   	      (CORE_CLOCK/2)
   8:../Sources/TFC/TFC_Motor.c **** #define FTM0_CLK_PRESCALE                                 	   0  // Prescale Selector value - see c
   9:../Sources/TFC/TFC_Motor.c **** #define FTM0_OVERFLOW_FREQUENCY 5000							  //
  10:../Sources/TFC/TFC_Motor.c **** 
  11:../Sources/TFC/TFC_Motor.c **** 
  12:../Sources/TFC/TFC_Motor.c **** /**********************************************************************************************/
  13:../Sources/TFC/TFC_Motor.c **** 
  14:../Sources/TFC/TFC_Motor.c **** 
  15:../Sources/TFC/TFC_Motor.c **** void TFC_InitMotorPWM()
  16:../Sources/TFC/TFC_Motor.c **** {
  26              		.loc 1 16 0
  27              		.cfi_startproc
  28 0000 80B5     		push	{r7, lr}
  29              	.LCFI0:
  30              		.cfi_def_cfa_offset 8
  31              		.cfi_offset 7, -8
  32              		.cfi_offset 14, -4
  33 0002 00AF     		add	r7, sp, #0
  34              	.LCFI1:
  35              		.cfi_def_cfa_register 7
  17:../Sources/TFC/TFC_Motor.c **** 	//Clock Setup for the TPM requires a couple steps.
  18:../Sources/TFC/TFC_Motor.c **** 
  19:../Sources/TFC/TFC_Motor.c **** 	
  20:../Sources/TFC/TFC_Motor.c ****     //1st,  set the clock mux
  21:../Sources/TFC/TFC_Motor.c ****     //See Page 124 of f the KL25 Sub-Family Reference Manual, Rev. 3, September 2012
  22:../Sources/TFC/TFC_Motor.c ****     SIM_SOPT2 |= SIM_SOPT2_PLLFLLSEL_MASK;// We Want MCGPLLCLK/2 (See Page 196 of the KL25 Sub-Fami
  36              		.loc 1 22 0
  37 0004 2D4A     		ldr	r2, .L2
  38 0006 2D49     		ldr	r1, .L2
  39 0008 2D4B     		ldr	r3, .L2+4
  40 000a CB58     		ldr	r3, [r1, r3]
  41 000c 8021     		mov	r1, #128
  42 000e 4902     		lsl	r1, r1, #9
  43 0010 1943     		orr	r1, r3
  44 0012 2B4B     		ldr	r3, .L2+4
  45 0014 D150     		str	r1, [r2, r3]
  23:../Sources/TFC/TFC_Motor.c ****     SIM_SOPT2 &= ~(SIM_SOPT2_TPMSRC_MASK);
  46              		.loc 1 23 0
  47 0016 294A     		ldr	r2, .L2
  48 0018 2849     		ldr	r1, .L2
  49 001a 294B     		ldr	r3, .L2+4
  50 001c CB58     		ldr	r3, [r1, r3]
  51 001e 191C     		mov	r1, r3
  52 0020 284B     		ldr	r3, .L2+8
  53 0022 1940     		and	r1, r3
  54 0024 264B     		ldr	r3, .L2+4
  55 0026 D150     		str	r1, [r2, r3]
  24:../Sources/TFC/TFC_Motor.c ****     SIM_SOPT2 |= SIM_SOPT2_TPMSRC(1); //We want the MCGPLLCLK/2 (See Page 196 of the KL25 Sub-Famil
  56              		.loc 1 24 0
  57 0028 244A     		ldr	r2, .L2
  58 002a 2449     		ldr	r1, .L2
  59 002c 244B     		ldr	r3, .L2+4
  60 002e CB58     		ldr	r3, [r1, r3]
  61 0030 8021     		mov	r1, #128
  62 0032 4904     		lsl	r1, r1, #17
  63 0034 1943     		orr	r1, r3
  64 0036 224B     		ldr	r3, .L2+4
  65 0038 D150     		str	r1, [r2, r3]
  25:../Sources/TFC/TFC_Motor.c **** 
  26:../Sources/TFC/TFC_Motor.c **** 
  27:../Sources/TFC/TFC_Motor.c **** 	//Enable the Clock to the FTM0 Module
  28:../Sources/TFC/TFC_Motor.c **** 	//See Page 207 of f the KL25 Sub-Family Reference Manual, Rev. 3, September 2012
  29:../Sources/TFC/TFC_Motor.c **** 	SIM_SCGC6 |= SIM_SCGC6_TPM0_MASK;
  66              		.loc 1 29 0
  67 003a 204A     		ldr	r2, .L2
  68 003c 1F49     		ldr	r1, .L2
  69 003e 224B     		ldr	r3, .L2+12
  70 0040 CB58     		ldr	r3, [r1, r3]
  71 0042 8021     		mov	r1, #128
  72 0044 4904     		lsl	r1, r1, #17
  73 0046 1943     		orr	r1, r3
  74 0048 1F4B     		ldr	r3, .L2+12
  75 004a D150     		str	r1, [r2, r3]
  30:../Sources/TFC/TFC_Motor.c ****     
  31:../Sources/TFC/TFC_Motor.c ****     //The TPM Module has Clock.  Now set up the peripheral
  32:../Sources/TFC/TFC_Motor.c ****     
  33:../Sources/TFC/TFC_Motor.c ****     //Blow away the control registers to ensure that the counter is not running
  34:../Sources/TFC/TFC_Motor.c ****     TPM0_SC = 0;
  76              		.loc 1 34 0
  77 004c 1F4B     		ldr	r3, .L2+16
  78 004e 0022     		mov	r2, #0
  79 0050 1A60     		str	r2, [r3]
  35:../Sources/TFC/TFC_Motor.c ****     TPM0_CONF = 0;
  80              		.loc 1 35 0
  81 0052 1E4A     		ldr	r2, .L2+16
  82 0054 8423     		mov	r3, #132
  83 0056 0021     		mov	r1, #0
  84 0058 D150     		str	r1, [r2, r3]
  36:../Sources/TFC/TFC_Motor.c ****     
  37:../Sources/TFC/TFC_Motor.c ****     //While the counter is disabled we can setup the prescaler
  38:../Sources/TFC/TFC_Motor.c ****     
  39:../Sources/TFC/TFC_Motor.c ****     TPM0_SC = TPM_SC_PS(FTM0_CLK_PRESCALE);
  85              		.loc 1 39 0
  86 005a 1C4B     		ldr	r3, .L2+16
  87 005c 0022     		mov	r2, #0
  88 005e 1A60     		str	r2, [r3]
  40:../Sources/TFC/TFC_Motor.c ****     
  41:../Sources/TFC/TFC_Motor.c ****     //Setup the mod register to get the correct PWM Period
  42:../Sources/TFC/TFC_Motor.c ****     
  43:../Sources/TFC/TFC_Motor.c ****     TPM0_MOD = FTM0_CLOCK/(1<<FTM0_CLK_PRESCALE)/FTM0_OVERFLOW_FREQUENCY;
  89              		.loc 1 43 0
  90 0060 1A4B     		ldr	r3, .L2+16
  91 0062 9622     		mov	r2, #150
  92 0064 5201     		lsl	r2, r2, #5
  93 0066 9A60     		str	r2, [r3, #8]
  44:../Sources/TFC/TFC_Motor.c ****     
  45:../Sources/TFC/TFC_Motor.c ****     //Setup Channels 0,1,2,3
  46:../Sources/TFC/TFC_Motor.c ****     TPM0_C0SC = TPM_CnSC_MSB_MASK | TPM_CnSC_ELSB_MASK;
  94              		.loc 1 46 0
  95 0068 184B     		ldr	r3, .L2+16
  96 006a 2822     		mov	r2, #40
  97 006c DA60     		str	r2, [r3, #12]
  47:../Sources/TFC/TFC_Motor.c ****     TPM0_C1SC = TPM_CnSC_MSB_MASK | TPM_CnSC_ELSA_MASK; // invert the second PWM signal for a compl
  98              		.loc 1 47 0
  99 006e 174B     		ldr	r3, .L2+16
 100 0070 2422     		mov	r2, #36
 101 0072 5A61     		str	r2, [r3, #20]
  48:../Sources/TFC/TFC_Motor.c ****     TPM0_C2SC = TPM_CnSC_MSB_MASK | TPM_CnSC_ELSB_MASK;
 102              		.loc 1 48 0
 103 0074 154B     		ldr	r3, .L2+16
 104 0076 2822     		mov	r2, #40
 105 0078 DA61     		str	r2, [r3, #28]
  49:../Sources/TFC/TFC_Motor.c ****     TPM0_C3SC = TPM_CnSC_MSB_MASK | TPM_CnSC_ELSA_MASK; // invert the second PWM signal for a compl
 106              		.loc 1 49 0
 107 007a 144B     		ldr	r3, .L2+16
 108 007c 2422     		mov	r2, #36
 109 007e 5A62     		str	r2, [r3, #36]
  50:../Sources/TFC/TFC_Motor.c ****     
  51:../Sources/TFC/TFC_Motor.c ****     
  52:../Sources/TFC/TFC_Motor.c ****     //Enable the Counter
  53:../Sources/TFC/TFC_Motor.c ****     
  54:../Sources/TFC/TFC_Motor.c ****     //Set the Default duty cycle to 50% duty cycle
  55:../Sources/TFC/TFC_Motor.c ****     TFC_SetMotorPWM(0.0,0.0);
 110              		.loc 1 55 0
 111 0080 134A     		ldr	r2, .L2+20
 112 0082 134B     		ldr	r3, .L2+20
 113 0084 101C     		add	r0, r2, #0
 114 0086 191C     		add	r1, r3, #0
 115 0088 FFF7FEFF 		bl	TFC_SetMotorPWM
  56:../Sources/TFC/TFC_Motor.c ****     
  57:../Sources/TFC/TFC_Motor.c ****     //Enable the TPM COunter
  58:../Sources/TFC/TFC_Motor.c ****     TPM0_SC |= TPM_SC_CMOD(1);
 116              		.loc 1 58 0
 117 008c 0F4B     		ldr	r3, .L2+16
 118 008e 0F4A     		ldr	r2, .L2+16
 119 0090 1268     		ldr	r2, [r2]
 120 0092 0821     		mov	r1, #8
 121 0094 0A43     		orr	r2, r1
 122 0096 1A60     		str	r2, [r3]
  59:../Sources/TFC/TFC_Motor.c ****     
  60:../Sources/TFC/TFC_Motor.c ****     
  61:../Sources/TFC/TFC_Motor.c ****     //Enable the FTM functions on the the port
  62:../Sources/TFC/TFC_Motor.c ****     PORTC_PCR1 = PORT_PCR_MUX(4);
 123              		.loc 1 62 0
 124 0098 0E4B     		ldr	r3, .L2+24
 125 009a 8022     		mov	r2, #128
 126 009c D200     		lsl	r2, r2, #3
 127 009e 5A60     		str	r2, [r3, #4]
  63:../Sources/TFC/TFC_Motor.c ****     PORTC_PCR2 = PORT_PCR_MUX(4);     
 128              		.loc 1 63 0
 129 00a0 0C4B     		ldr	r3, .L2+24
 130 00a2 8022     		mov	r2, #128
 131 00a4 D200     		lsl	r2, r2, #3
 132 00a6 9A60     		str	r2, [r3, #8]
  64:../Sources/TFC/TFC_Motor.c ****     PORTC_PCR3 = PORT_PCR_MUX(4);  
 133              		.loc 1 64 0
 134 00a8 0A4B     		ldr	r3, .L2+24
 135 00aa 8022     		mov	r2, #128
 136 00ac D200     		lsl	r2, r2, #3
 137 00ae DA60     		str	r2, [r3, #12]
  65:../Sources/TFC/TFC_Motor.c ****     PORTC_PCR4 = PORT_PCR_MUX(4);  
 138              		.loc 1 65 0
 139 00b0 084B     		ldr	r3, .L2+24
 140 00b2 8022     		mov	r2, #128
 141 00b4 D200     		lsl	r2, r2, #3
 142 00b6 1A61     		str	r2, [r3, #16]
  66:../Sources/TFC/TFC_Motor.c **** 
  67:../Sources/TFC/TFC_Motor.c **** }
 143              		.loc 1 67 0
 144 00b8 BD46     		mov	sp, r7
 145              		@ sp needed for prologue
 146 00ba 80BD     		pop	{r7, pc}
 147              	.L3:
 148              		.align	2
 149              	.L2:
 150 00bc 00700440 		.word	1074032640
 151 00c0 04100000 		.word	4100
 152 00c4 FFFFFFFC 		.word	-50331649
 153 00c8 3C100000 		.word	4156
 154 00cc 00800340 		.word	1073971200
 155 00d0 00000000 		.word	0
 156 00d4 00B00440 		.word	1074049024
 157              		.cfi_endproc
 158              	.LFE0:
 160              		.global	__aeabi_fcmpgt
 161              		.global	__aeabi_fcmplt
 162              		.global	__aeabi_ui2f
 163              		.global	__aeabi_f2d
 164              		.global	__aeabi_dadd
 165              		.global	__aeabi_ddiv
 166              		.global	__aeabi_d2f
 167              		.global	__aeabi_fmul
 168              		.global	__aeabi_f2uiz
 169              		.section	.text.TFC_SetMotorPWM,"ax",%progbits
 170              		.align	2
 171              		.global	TFC_SetMotorPWM
 172              		.code	16
 173              		.thumb_func
 175              	TFC_SetMotorPWM:
 176              	.LFB1:
  68:../Sources/TFC/TFC_Motor.c **** 
  69:../Sources/TFC/TFC_Motor.c **** 
  70:../Sources/TFC/TFC_Motor.c **** 
  71:../Sources/TFC/TFC_Motor.c **** void TFC_SetMotorPWM(float MotorA , float MotorB)
  72:../Sources/TFC/TFC_Motor.c **** {
 177              		.loc 1 72 0
 178              		.cfi_startproc
 179 0000 F0B5     		push	{r4, r5, r6, r7, lr}
 180              	.LCFI2:
 181              		.cfi_def_cfa_offset 20
 182              		.cfi_offset 4, -20
 183              		.cfi_offset 5, -16
 184              		.cfi_offset 6, -12
 185              		.cfi_offset 7, -8
 186              		.cfi_offset 14, -4
 187 0002 83B0     		sub	sp, sp, #12
 188              	.LCFI3:
 189              		.cfi_def_cfa_offset 32
 190 0004 00AF     		add	r7, sp, #0
 191              	.LCFI4:
 192              		.cfi_def_cfa_register 7
 193 0006 7860     		str	r0, [r7, #4]
 194 0008 3960     		str	r1, [r7]
  73:../Sources/TFC/TFC_Motor.c **** 	
  74:../Sources/TFC/TFC_Motor.c **** 	if(MotorA>1.0)
 195              		.loc 1 74 0
 196 000a 0123     		mov	r3, #1
 197 000c 1C1C     		add	r4, r3, #0
 198 000e 7868     		ldr	r0, [r7, #4]
 199 0010 5349     		ldr	r1, .L13+16
 200 0012 FFF7FEFF 		bl	__aeabi_fcmpgt
 201 0016 031C     		mov	r3, r0
 202 0018 01D1     		bne	.L5
 203 001a 0023     		mov	r3, #0
 204 001c 1C1C     		add	r4, r3, #0
 205              	.L5:
 206 001e E3B2     		uxtb	r3, r4
 207 0020 002B     		cmp	r3, #0
 208 0022 02D0     		beq	.L6
  75:../Sources/TFC/TFC_Motor.c **** 		MotorA = 1.0;
 209              		.loc 1 75 0
 210 0024 4E4B     		ldr	r3, .L13+16
 211 0026 7B60     		str	r3, [r7, #4]
 212 0028 0EE0     		b	.L7
 213              	.L6:
  76:../Sources/TFC/TFC_Motor.c **** 	else if(MotorA<-1.0)
 214              		.loc 1 76 0
 215 002a 0123     		mov	r3, #1
 216 002c 1C1C     		add	r4, r3, #0
 217 002e 7868     		ldr	r0, [r7, #4]
 218 0030 4C49     		ldr	r1, .L13+20
 219 0032 FFF7FEFF 		bl	__aeabi_fcmplt
 220 0036 031C     		mov	r3, r0
 221 0038 01D1     		bne	.L8
 222 003a 0023     		mov	r3, #0
 223 003c 1C1C     		add	r4, r3, #0
 224              	.L8:
 225 003e E3B2     		uxtb	r3, r4
 226 0040 002B     		cmp	r3, #0
 227 0042 01D0     		beq	.L7
  77:../Sources/TFC/TFC_Motor.c **** 		MotorA = -1.0;
 228              		.loc 1 77 0
 229 0044 474B     		ldr	r3, .L13+20
 230 0046 7B60     		str	r3, [r7, #4]
 231              	.L7:
  78:../Sources/TFC/TFC_Motor.c **** 	
  79:../Sources/TFC/TFC_Motor.c **** 	if(MotorB>1.0)
 232              		.loc 1 79 0
 233 0048 0123     		mov	r3, #1
 234 004a 1C1C     		add	r4, r3, #0
 235 004c 3868     		ldr	r0, [r7]
 236 004e 4449     		ldr	r1, .L13+16
 237 0050 FFF7FEFF 		bl	__aeabi_fcmpgt
 238 0054 031C     		mov	r3, r0
 239 0056 01D1     		bne	.L9
 240 0058 0023     		mov	r3, #0
 241 005a 1C1C     		add	r4, r3, #0
 242              	.L9:
 243 005c E3B2     		uxtb	r3, r4
 244 005e 002B     		cmp	r3, #0
 245 0060 02D0     		beq	.L10
  80:../Sources/TFC/TFC_Motor.c **** 			MotorB = 1.0;
 246              		.loc 1 80 0
 247 0062 3F4B     		ldr	r3, .L13+16
 248 0064 3B60     		str	r3, [r7]
 249 0066 0EE0     		b	.L11
 250              	.L10:
  81:../Sources/TFC/TFC_Motor.c **** 		else if(MotorB<-1.0)
 251              		.loc 1 81 0
 252 0068 0123     		mov	r3, #1
 253 006a 1C1C     		add	r4, r3, #0
 254 006c 3868     		ldr	r0, [r7]
 255 006e 3D49     		ldr	r1, .L13+20
 256 0070 FFF7FEFF 		bl	__aeabi_fcmplt
 257 0074 031C     		mov	r3, r0
 258 0076 01D1     		bne	.L12
 259 0078 0023     		mov	r3, #0
 260 007a 1C1C     		add	r4, r3, #0
 261              	.L12:
 262 007c E3B2     		uxtb	r3, r4
 263 007e 002B     		cmp	r3, #0
 264 0080 01D0     		beq	.L11
  82:../Sources/TFC/TFC_Motor.c **** 			MotorB = -1.0;
 265              		.loc 1 82 0
 266 0082 384B     		ldr	r3, .L13+20
 267 0084 3B60     		str	r3, [r7]
 268              	.L11:
  83:../Sources/TFC/TFC_Motor.c **** 		
  84:../Sources/TFC/TFC_Motor.c **** 	TPM0_C2V = (uint16_t) ((float)TPM0_MOD * (float)((MotorA + 1.0)/2.0));
 269              		.loc 1 84 0
 270 0086 384D     		ldr	r5, .L13+24
 271 0088 374B     		ldr	r3, .L13+24
 272 008a 9B68     		ldr	r3, [r3, #8]
 273 008c 181C     		mov	r0, r3
 274 008e FFF7FEFF 		bl	__aeabi_ui2f
 275 0092 061C     		add	r6, r0, #0
 276 0094 7868     		ldr	r0, [r7, #4]
 277 0096 FFF7FEFF 		bl	__aeabi_f2d
 278 009a 031C     		mov	r3, r0
 279 009c 0C1C     		mov	r4, r1
 280 009e 181C     		mov	r0, r3
 281 00a0 211C     		mov	r1, r4
 282 00a2 2C4B     		ldr	r3, .L13+4
 283 00a4 2A4A     		ldr	r2, .L13
 284 00a6 FFF7FEFF 		bl	__aeabi_dadd
 285 00aa 031C     		mov	r3, r0
 286 00ac 0C1C     		mov	r4, r1
 287 00ae 181C     		mov	r0, r3
 288 00b0 211C     		mov	r1, r4
 289 00b2 294A     		ldr	r2, .L13+8
 290 00b4 294B     		ldr	r3, .L13+12
 291 00b6 FFF7FEFF 		bl	__aeabi_ddiv
 292 00ba 031C     		mov	r3, r0
 293 00bc 0C1C     		mov	r4, r1
 294 00be 181C     		mov	r0, r3
 295 00c0 211C     		mov	r1, r4
 296 00c2 FFF7FEFF 		bl	__aeabi_d2f
 297 00c6 031C     		add	r3, r0, #0
 298 00c8 301C     		add	r0, r6, #0
 299 00ca 191C     		add	r1, r3, #0
 300 00cc FFF7FEFF 		bl	__aeabi_fmul
 301 00d0 031C     		add	r3, r0, #0
 302 00d2 181C     		add	r0, r3, #0
 303 00d4 FFF7FEFF 		bl	__aeabi_f2uiz
 304 00d8 031C     		mov	r3, r0
 305 00da 9BB2     		uxth	r3, r3
 306 00dc 2B62     		str	r3, [r5, #32]
  85:../Sources/TFC/TFC_Motor.c **** 	TPM0_C3V = TPM0_C2V;
 307              		.loc 1 85 0
 308 00de 224B     		ldr	r3, .L13+24
 309 00e0 214A     		ldr	r2, .L13+24
 310 00e2 126A     		ldr	r2, [r2, #32]
 311 00e4 9A62     		str	r2, [r3, #40]
  86:../Sources/TFC/TFC_Motor.c **** 	TPM0_C0V = (uint16_t) ((float)TPM0_MOD * (float)((MotorB + 1.0)/2.0));
 312              		.loc 1 86 0
 313 00e6 204D     		ldr	r5, .L13+24
 314 00e8 1F4B     		ldr	r3, .L13+24
 315 00ea 9B68     		ldr	r3, [r3, #8]
 316 00ec 181C     		mov	r0, r3
 317 00ee FFF7FEFF 		bl	__aeabi_ui2f
 318 00f2 061C     		add	r6, r0, #0
 319 00f4 3868     		ldr	r0, [r7]
 320 00f6 FFF7FEFF 		bl	__aeabi_f2d
 321 00fa 031C     		mov	r3, r0
 322 00fc 0C1C     		mov	r4, r1
 323 00fe 181C     		mov	r0, r3
 324 0100 211C     		mov	r1, r4
 325 0102 144B     		ldr	r3, .L13+4
 326 0104 124A     		ldr	r2, .L13
 327 0106 FFF7FEFF 		bl	__aeabi_dadd
 328 010a 031C     		mov	r3, r0
 329 010c 0C1C     		mov	r4, r1
 330 010e 181C     		mov	r0, r3
 331 0110 211C     		mov	r1, r4
 332 0112 114A     		ldr	r2, .L13+8
 333 0114 114B     		ldr	r3, .L13+12
 334 0116 FFF7FEFF 		bl	__aeabi_ddiv
 335 011a 031C     		mov	r3, r0
 336 011c 0C1C     		mov	r4, r1
 337 011e 181C     		mov	r0, r3
 338 0120 211C     		mov	r1, r4
 339 0122 FFF7FEFF 		bl	__aeabi_d2f
 340 0126 031C     		add	r3, r0, #0
 341 0128 301C     		add	r0, r6, #0
 342 012a 191C     		add	r1, r3, #0
 343 012c FFF7FEFF 		bl	__aeabi_fmul
 344 0130 031C     		add	r3, r0, #0
 345 0132 181C     		add	r0, r3, #0
 346 0134 FFF7FEFF 		bl	__aeabi_f2uiz
 347 0138 031C     		mov	r3, r0
 348 013a 9BB2     		uxth	r3, r3
 349 013c 2B61     		str	r3, [r5, #16]
  87:../Sources/TFC/TFC_Motor.c **** 	TPM0_C1V = TPM0_C0V;
 350              		.loc 1 87 0
 351 013e 0A4B     		ldr	r3, .L13+24
 352 0140 094A     		ldr	r2, .L13+24
 353 0142 1269     		ldr	r2, [r2, #16]
 354 0144 9A61     		str	r2, [r3, #24]
  88:../Sources/TFC/TFC_Motor.c **** 
  89:../Sources/TFC/TFC_Motor.c **** }
 355              		.loc 1 89 0
 356 0146 BD46     		mov	sp, r7
 357 0148 03B0     		add	sp, sp, #12
 358              		@ sp needed for prologue
 359 014a F0BD     		pop	{r4, r5, r6, r7, pc}
 360              	.L14:
 361 014c C046C046 		.align	3
 362              	.L13:
 363 0150 00000000 		.word	0
 364 0154 0000F03F 		.word	1072693248
 365 0158 00000000 		.word	0
 366 015c 00000040 		.word	1073741824
 367 0160 0000803F 		.word	1065353216
 368 0164 000080BF 		.word	-1082130432
 369 0168 00800340 		.word	1073971200
 370              		.cfi_endproc
 371              	.LFE1:
 373 016c C046C046 		.text
 374              	.Letext0:
 375              		.file 2 "C:/Freescale/CW MCU v10.3/MCU/ARM_GCC_Support/ewl/EWL_C/include/cstdint"
 376              		.file 3 "C:/ELI/BUSINESS/CLIENT_DATA/FREESCALE/frdm-tfc__google-code/DEVELOPMENT_TRUNK/FRDM-TFC/Pr
DEFINED SYMBOLS
                            *ABS*:00000000 TFC_Motor.c
C:\Users\ehughes\AppData\Local\Temp\ccdJ8Cch.s:18     .text.TFC_InitMotorPWM:00000000 $t
C:\Users\ehughes\AppData\Local\Temp\ccdJ8Cch.s:23     .text.TFC_InitMotorPWM:00000000 TFC_InitMotorPWM
C:\Users\ehughes\AppData\Local\Temp\ccdJ8Cch.s:175    .text.TFC_SetMotorPWM:00000000 TFC_SetMotorPWM
C:\Users\ehughes\AppData\Local\Temp\ccdJ8Cch.s:150    .text.TFC_InitMotorPWM:000000bc $d
C:\Users\ehughes\AppData\Local\Temp\ccdJ8Cch.s:170    .text.TFC_SetMotorPWM:00000000 $t
C:\Users\ehughes\AppData\Local\Temp\ccdJ8Cch.s:363    .text.TFC_SetMotorPWM:00000150 $d
                     .debug_frame:00000010 $d
C:\Users\ehughes\AppData\Local\Temp\ccdJ8Cch.s:373    .text.TFC_SetMotorPWM:0000016c $t

UNDEFINED SYMBOLS
__aeabi_fcmpgt
__aeabi_fcmplt
__aeabi_ui2f
__aeabi_f2d
__aeabi_dadd
__aeabi_ddiv
__aeabi_d2f
__aeabi_fmul
__aeabi_f2uiz
